  [1m[35m (0.5ms)[0m  [1m[35mCREATE TABLE "schema_migrations" ("version" varchar NOT NULL PRIMARY KEY)[0m
  [1m[35m (0.4ms)[0m  [1m[35mCREATE TABLE "ar_internal_metadata" ("key" varchar NOT NULL PRIMARY KEY, "value" varchar, "created_at" datetime(6) NOT NULL, "updated_at" datetime(6) NOT NULL)[0m
  [1m[36mActiveRecord::SchemaMigration Pluck (0.1ms)[0m  [1m[34mSELECT "schema_migrations"."version" FROM "schema_migrations" ORDER BY "schema_migrations"."version" ASC[0m
Migrating to CreateStudents (20221030222158)
  [1m[36mTRANSACTION (0.0ms)[0m  [1m[36mbegin transaction[0m
  [1m[35m (0.2ms)[0m  [1m[35mCREATE TABLE "students" ("id" integer PRIMARY KEY AUTOINCREMENT NOT NULL, "first" varchar, "last" varchar, "class" integer, "school" varchar, "major" varchar, "minor" varchar, "created_at" datetime(6) NOT NULL, "updated_at" datetime(6) NOT NULL)[0m
  [1m[36mActiveRecord::SchemaMigration Create (0.2ms)[0m  [1m[32mINSERT INTO "schema_migrations" ("version") VALUES (?)[0m  [["version", "20221030222158"]]
  [1m[36mTRANSACTION (0.4ms)[0m  [1m[36mcommit transaction[0m
Migrating to CreateCourses (20221030222548)
  [1m[36mTRANSACTION (0.0ms)[0m  [1m[36mbegin transaction[0m
  [1m[35m (0.2ms)[0m  [1m[35mCREATE TABLE "courses" ("id" integer PRIMARY KEY AUTOINCREMENT NOT NULL, "name" varchar, "courseID" varchar, "prof" varchar, "preReqs" text, "description" text, "reviews" text, "currentlyOffered" integer, "created_at" datetime(6) NOT NULL, "updated_at" datetime(6) NOT NULL)[0m
  [1m[36mActiveRecord::SchemaMigration Create (0.1ms)[0m  [1m[32mINSERT INTO "schema_migrations" ("version") VALUES (?)[0m  [["version", "20221030222548"]]
  [1m[36mTRANSACTION (0.3ms)[0m  [1m[36mcommit transaction[0m
Migrating to CreateCoursesTaken (20221030223605)
  [1m[36mTRANSACTION (0.0ms)[0m  [1m[36mbegin transaction[0m
  [1m[35m (0.2ms)[0m  [1m[35mCREATE TABLE "courses_taken" ("id" integer PRIMARY KEY AUTOINCREMENT NOT NULL, "uni" varchar, "courseID" varchar, "semester" varchar, "year" integer, "created_at" datetime(6) NOT NULL, "updated_at" datetime(6) NOT NULL)[0m
  [1m[36mActiveRecord::SchemaMigration Create (0.1ms)[0m  [1m[32mINSERT INTO "schema_migrations" ("version") VALUES (?)[0m  [["version", "20221030223605"]]
  [1m[36mTRANSACTION (0.3ms)[0m  [1m[36mcommit transaction[0m
Migrating to AddUniToStudents (20221030223739)
  [1m[36mTRANSACTION (0.0ms)[0m  [1m[36mbegin transaction[0m
  [1m[35m (0.2ms)[0m  [1m[35mALTER TABLE "students" ADD "uni" varchar[0m
  [1m[36mActiveRecord::SchemaMigration Create (0.1ms)[0m  [1m[32mINSERT INTO "schema_migrations" ("version") VALUES (?)[0m  [["version", "20221030223739"]]
  [1m[36mTRANSACTION (0.2ms)[0m  [1m[36mcommit transaction[0m
Migrating to CreateUsers (20221031233920)
  [1m[36mTRANSACTION (0.0ms)[0m  [1m[36mbegin transaction[0m
  [1m[35m (0.1ms)[0m  [1m[35mCREATE TABLE "users" ("id" integer PRIMARY KEY AUTOINCREMENT NOT NULL, "first" varchar, "last" varchar, "class" integer, "school" varchar, "major" varchar, "minor" varchar, "uni" varchar, "created_at" datetime(6) NOT NULL, "updated_at" datetime(6) NOT NULL)[0m
  [1m[36mActiveRecord::SchemaMigration Create (0.1ms)[0m  [1m[32mINSERT INTO "schema_migrations" ("version") VALUES (?)[0m  [["version", "20221031233920"]]
  [1m[36mTRANSACTION (0.3ms)[0m  [1m[36mcommit transaction[0m
Migrating to FixColumnName (20221031235156)
  [1m[36mTRANSACTION (0.0ms)[0m  [1m[36mbegin transaction[0m
  [1m[35m (0.0ms)[0m  [1m[35mPRAGMA foreign_keys[0m
  [1m[35m (0.0ms)[0m  [1m[35mPRAGMA defer_foreign_keys[0m
  [1m[35m (0.0ms)[0m  [1m[35mPRAGMA defer_foreign_keys = ON[0m
  [1m[35m (0.0ms)[0m  [1m[35mPRAGMA foreign_keys = OFF[0m
  [1m[35m (0.1ms)[0m  [1m[35mCREATE TEMPORARY TABLE "ausers" ("id" integer NOT NULL PRIMARY KEY, "first" varchar DEFAULT NULL, "last" varchar DEFAULT NULL, "year" integer DEFAULT NULL, "school" varchar DEFAULT NULL, "major" varchar DEFAULT NULL, "minor" varchar DEFAULT NULL, "uni" varchar DEFAULT NULL, "created_at" datetime(6) NOT NULL, "updated_at" datetime(6) NOT NULL)[0m
  [1m[35m (0.0ms)[0m  [1m[32mINSERT INTO "ausers" ("id","first","last","year","school","major","minor","uni","created_at","updated_at")
                     SELECT "id","first","last","class","school","major","minor","uni","created_at","updated_at" FROM "users"[0m
  [1m[35m (0.1ms)[0m  [1m[35mDROP TABLE "users"[0m
  [1m[35m (0.0ms)[0m  [1m[35mCREATE TABLE "users" ("id" integer NOT NULL PRIMARY KEY, "first" varchar DEFAULT NULL, "last" varchar DEFAULT NULL, "year" integer DEFAULT NULL, "school" varchar DEFAULT NULL, "major" varchar DEFAULT NULL, "minor" varchar DEFAULT NULL, "uni" varchar DEFAULT NULL, "created_at" datetime(6) NOT NULL, "updated_at" datetime(6) NOT NULL)[0m
  [1m[35m (0.0ms)[0m  [1m[32mINSERT INTO "users" ("id","first","last","year","school","major","minor","uni","created_at","updated_at")
                     SELECT "id","first","last","year","school","major","minor","uni","created_at","updated_at" FROM "ausers"[0m
  [1m[35m (0.0ms)[0m  [1m[35mDROP TABLE "ausers"[0m
  [1m[35m (0.0ms)[0m  [1m[35mPRAGMA defer_foreign_keys = 0[0m
  [1m[35m (0.0ms)[0m  [1m[35mPRAGMA foreign_keys = 1[0m
  [1m[36mActiveRecord::SchemaMigration Create (0.1ms)[0m  [1m[32mINSERT INTO "schema_migrations" ("version") VALUES (?)[0m  [["version", "20221031235156"]]
  [1m[36mTRANSACTION (0.3ms)[0m  [1m[36mcommit transaction[0m
Migrating to AddCoursesTable (20221102205646)
  [1m[36mTRANSACTION (0.0ms)[0m  [1m[36mbegin transaction[0m
  [1m[35m (0.1ms)[0m  [1m[35mCREATE TABLE "addcourses" ("id" integer PRIMARY KEY AUTOINCREMENT NOT NULL, "uni" varchar, "course" varchar, "semester" varchar, "year" integer, "created_at" datetime(6) NOT NULL, "updated_at" datetime(6) NOT NULL)[0m
  [1m[36mActiveRecord::SchemaMigration Create (0.0ms)[0m  [1m[32mINSERT INTO "schema_migrations" ("version") VALUES (?)[0m  [["version", "20221102205646"]]
  [1m[36mTRANSACTION (0.2ms)[0m  [1m[36mcommit transaction[0m
  [1m[36mActiveRecord::InternalMetadata Load (0.1ms)[0m  [1m[34mSELECT "ar_internal_metadata".* FROM "ar_internal_metadata" WHERE "ar_internal_metadata"."key" = ? LIMIT ?[0m  [["key", "environment"], ["LIMIT", 1]]
  [1m[36mTRANSACTION (0.0ms)[0m  [1m[36mbegin transaction[0m
  [1m[36mActiveRecord::InternalMetadata Create (0.2ms)[0m  [1m[32mINSERT INTO "ar_internal_metadata" ("key", "value", "created_at", "updated_at") VALUES (?, ?, ?, ?)[0m  [["key", "environment"], ["value", "development"], ["created_at", "2022-11-03 01:32:19.596520"], ["updated_at", "2022-11-03 01:32:19.596520"]]
  [1m[36mTRANSACTION (0.3ms)[0m  [1m[36mcommit transaction[0m
  [1m[36mActiveRecord::SchemaMigration Pluck (0.0ms)[0m  [1m[34mSELECT "schema_migrations"."version" FROM "schema_migrations" ORDER BY "schema_migrations"."version" ASC[0m
Started GET "/" for 127.0.0.1 at 2022-11-02 21:33:55 -0400
  [1m[36mActiveRecord::SchemaMigration Pluck (0.1ms)[0m  [1m[34mSELECT "schema_migrations"."version" FROM "schema_migrations" ORDER BY "schema_migrations"."version" ASC[0m
Processing by ArticlesController#index as HTML
  Rendering layout layouts/application.html.erb
  Rendering articles/index.html.erb within layouts/application
  Rendered articles/index.html.erb within layouts/application (Duration: 5.4ms | Allocations: 5475)
  Rendered layout layouts/application.html.erb (Duration: 152.2ms | Allocations: 84603)
Completed 200 OK in 176ms (Views: 161.3ms | ActiveRecord: 0.0ms | Allocations: 90715)


Started GET "/users" for 127.0.0.1 at 2022-11-02 21:33:56 -0400
Processing by UsersController#show as HTML
Redirected to http://127.0.0.1:3000/users/new
Completed 302 Found in 2ms (ActiveRecord: 0.0ms | Allocations: 721)


Started GET "/users/new" for 127.0.0.1 at 2022-11-02 21:33:56 -0400
Processing by UsersController#new as HTML
  Rendering layout layouts/application.html.erb
  Rendering users/new.html.erb within layouts/application
  Rendered users/new.html.erb within layouts/application (Duration: 5.7ms | Allocations: 2317)
  Rendered layout layouts/application.html.erb (Duration: 7.6ms | Allocations: 3313)
Completed 200 OK in 10ms (Views: 9.5ms | ActiveRecord: 0.0ms | Allocations: 4037)


Started POST "/users" for 127.0.0.1 at 2022-11-02 21:34:00 -0400
Processing by UsersController#create as HTML
  Parameters: {"authenticity_token"=>"[FILTERED]", "user"=>{"first"=>"a", "last"=>"a", "uni"=>"a", "year"=>"2026", "school"=>"CC", "major"=>"Computer Science", "minor"=>"Computer Science"}, "commit"=>"Next"}
  [1m[36mTRANSACTION (0.1ms)[0m  [1m[36mbegin transaction[0m
  ↳ app/controllers/users_controller.rb:17:in `create'
  [1m[36mUser Create (0.9ms)[0m  [1m[32mINSERT INTO "users" ("first", "last", "year", "school", "major", "minor", "uni", "created_at", "updated_at") VALUES (?, ?, ?, ?, ?, ?, ?, ?, ?)[0m  [["first", "a"], ["last", "a"], ["year", 2026], ["school", "CC"], ["major", "Computer Science"], ["minor", "Computer Science"], ["uni", "a"], ["created_at", "2022-11-03 01:34:00.157329"], ["updated_at", "2022-11-03 01:34:00.157329"]]
  ↳ app/controllers/users_controller.rb:17:in `create'
  [1m[36mTRANSACTION (0.6ms)[0m  [1m[36mcommit transaction[0m
  ↳ app/controllers/users_controller.rb:17:in `create'
Redirected to http://127.0.0.1:3000/addcourses
Completed 302 Found in 23ms (ActiveRecord: 2.2ms | Allocations: 20694)


Started GET "/addcourses" for 127.0.0.1 at 2022-11-02 21:34:00 -0400
Processing by AddcoursesController#show as HTML
Redirected to http://127.0.0.1:3000/addcourses/new
Completed 302 Found in 1ms (ActiveRecord: 0.0ms | Allocations: 175)


Started GET "/addcourses/new" for 127.0.0.1 at 2022-11-02 21:34:00 -0400
Processing by AddcoursesController#new as HTML
  Rendering layout layouts/application.html.erb
  Rendering addcourses/new.html.erb within layouts/application
  Rendered addcourses/new.html.erb within layouts/application (Duration: 1.6ms | Allocations: 1390)
  Rendered layout layouts/application.html.erb (Duration: 2.7ms | Allocations: 2383)
Completed 200 OK in 4ms (Views: 3.7ms | ActiveRecord: 0.0ms | Allocations: 3106)


  [1m[36mActiveRecord::SchemaMigration Pluck (0.1ms)[0m  [1m[34mSELECT "schema_migrations"."version" FROM "schema_migrations" ORDER BY "schema_migrations"."version" ASC[0m
  [1m[36mActiveRecord::InternalMetadata Pluck (0.2ms)[0m  [1m[34mSELECT "ar_internal_metadata"."value" FROM "ar_internal_metadata" WHERE "ar_internal_metadata"."key" = ? LIMIT ?[0m  [["key", "environment"], ["LIMIT", 1]]
  [1m[36mActiveRecord::SchemaMigration Pluck (0.0ms)[0m  [1m[34mSELECT "schema_migrations"."version" FROM "schema_migrations" ORDER BY "schema_migrations"."version" ASC[0m
  [1m[36mActiveRecord::InternalMetadata Pluck (0.0ms)[0m  [1m[34mSELECT "ar_internal_metadata"."value" FROM "ar_internal_metadata" WHERE "ar_internal_metadata"."key" = ? LIMIT ?[0m  [["key", "environment"], ["LIMIT", 1]]
  [1m[36mActiveRecord::SchemaMigration Pluck (0.0ms)[0m  [1m[34mSELECT "schema_migrations"."version" FROM "schema_migrations" ORDER BY "schema_migrations"."version" ASC[0m
  [1m[36mActiveRecord::InternalMetadata Pluck (0.0ms)[0m  [1m[34mSELECT "ar_internal_metadata"."value" FROM "ar_internal_metadata" WHERE "ar_internal_metadata"."key" = ? LIMIT ?[0m  [["key", "environment"], ["LIMIT", 1]]
  [1m[35m (0.7ms)[0m  [1m[35mCREATE TABLE "schema_migrations" ("version" varchar NOT NULL PRIMARY KEY)[0m
  [1m[35m (0.4ms)[0m  [1m[35mCREATE TABLE "ar_internal_metadata" ("key" varchar NOT NULL PRIMARY KEY, "value" varchar, "created_at" datetime(6) NOT NULL, "updated_at" datetime(6) NOT NULL)[0m
  [1m[36mActiveRecord::SchemaMigration Pluck (0.1ms)[0m  [1m[34mSELECT "schema_migrations"."version" FROM "schema_migrations" ORDER BY "schema_migrations"."version" ASC[0m
Migrating to CreateStudents (20221030222158)
  [1m[36mTRANSACTION (0.0ms)[0m  [1m[36mbegin transaction[0m
  [1m[35m (0.2ms)[0m  [1m[35mCREATE TABLE "students" ("id" integer PRIMARY KEY AUTOINCREMENT NOT NULL, "first" varchar, "last" varchar, "class" integer, "school" varchar, "major" varchar, "minor" varchar, "created_at" datetime(6) NOT NULL, "updated_at" datetime(6) NOT NULL)[0m
  [1m[36mActiveRecord::SchemaMigration Create (0.1ms)[0m  [1m[32mINSERT INTO "schema_migrations" ("version") VALUES (?)[0m  [["version", "20221030222158"]]
  [1m[36mTRANSACTION (0.3ms)[0m  [1m[36mcommit transaction[0m
Migrating to CreateCourses (20221030222548)
  [1m[36mTRANSACTION (0.0ms)[0m  [1m[36mbegin transaction[0m
  [1m[35m (0.1ms)[0m  [1m[35mCREATE TABLE "courses" ("id" integer PRIMARY KEY AUTOINCREMENT NOT NULL, "name" varchar, "courseID" varchar, "prof" varchar, "preReqs" text, "description" text, "reviews" text, "currentlyOffered" integer, "created_at" datetime(6) NOT NULL, "updated_at" datetime(6) NOT NULL)[0m
  [1m[36mActiveRecord::SchemaMigration Create (0.0ms)[0m  [1m[32mINSERT INTO "schema_migrations" ("version") VALUES (?)[0m  [["version", "20221030222548"]]
  [1m[36mTRANSACTION (0.2ms)[0m  [1m[36mcommit transaction[0m
Migrating to CreateCoursesTaken (20221030223605)
  [1m[36mTRANSACTION (0.0ms)[0m  [1m[36mbegin transaction[0m
  [1m[35m (0.1ms)[0m  [1m[35mCREATE TABLE "courses_taken" ("id" integer PRIMARY KEY AUTOINCREMENT NOT NULL, "uni" varchar, "courseID" varchar, "semester" varchar, "year" integer, "created_at" datetime(6) NOT NULL, "updated_at" datetime(6) NOT NULL)[0m
  [1m[36mActiveRecord::SchemaMigration Create (0.0ms)[0m  [1m[32mINSERT INTO "schema_migrations" ("version") VALUES (?)[0m  [["version", "20221030223605"]]
  [1m[36mTRANSACTION (0.2ms)[0m  [1m[36mcommit transaction[0m
Migrating to AddUniToStudents (20221030223739)
  [1m[36mTRANSACTION (0.0ms)[0m  [1m[36mbegin transaction[0m
  [1m[35m (0.2ms)[0m  [1m[35mALTER TABLE "students" ADD "uni" varchar[0m
  [1m[36mActiveRecord::SchemaMigration Create (0.0ms)[0m  [1m[32mINSERT INTO "schema_migrations" ("version") VALUES (?)[0m  [["version", "20221030223739"]]
  [1m[36mTRANSACTION (0.2ms)[0m  [1m[36mcommit transaction[0m
Migrating to CreateUsers (20221031233920)
  [1m[36mTRANSACTION (0.0ms)[0m  [1m[36mbegin transaction[0m
  [1m[35m (0.1ms)[0m  [1m[35mCREATE TABLE "users" ("id" integer PRIMARY KEY AUTOINCREMENT NOT NULL, "first" varchar, "last" varchar, "class" integer, "school" varchar, "major" varchar, "minor" varchar, "uni" varchar, "created_at" datetime(6) NOT NULL, "updated_at" datetime(6) NOT NULL)[0m
  [1m[36mActiveRecord::SchemaMigration Create (0.0ms)[0m  [1m[32mINSERT INTO "schema_migrations" ("version") VALUES (?)[0m  [["version", "20221031233920"]]
  [1m[36mTRANSACTION (0.2ms)[0m  [1m[36mcommit transaction[0m
Migrating to FixColumnName (20221031235156)
  [1m[36mTRANSACTION (0.0ms)[0m  [1m[36mbegin transaction[0m
  [1m[35m (0.0ms)[0m  [1m[35mPRAGMA foreign_keys[0m
  [1m[35m (0.0ms)[0m  [1m[35mPRAGMA defer_foreign_keys[0m
  [1m[35m (0.0ms)[0m  [1m[35mPRAGMA defer_foreign_keys = ON[0m
  [1m[35m (0.0ms)[0m  [1m[35mPRAGMA foreign_keys = OFF[0m
  [1m[35m (0.0ms)[0m  [1m[35mCREATE TEMPORARY TABLE "ausers" ("id" integer NOT NULL PRIMARY KEY, "first" varchar DEFAULT NULL, "last" varchar DEFAULT NULL, "year" integer DEFAULT NULL, "school" varchar DEFAULT NULL, "major" varchar DEFAULT NULL, "minor" varchar DEFAULT NULL, "uni" varchar DEFAULT NULL, "created_at" datetime(6) NOT NULL, "updated_at" datetime(6) NOT NULL)[0m
  [1m[35m (0.0ms)[0m  [1m[32mINSERT INTO "ausers" ("id","first","last","year","school","major","minor","uni","created_at","updated_at")
                     SELECT "id","first","last","class","school","major","minor","uni","created_at","updated_at" FROM "users"[0m
  [1m[35m (0.1ms)[0m  [1m[35mDROP TABLE "users"[0m
  [1m[35m (0.0ms)[0m  [1m[35mCREATE TABLE "users" ("id" integer NOT NULL PRIMARY KEY, "first" varchar DEFAULT NULL, "last" varchar DEFAULT NULL, "year" integer DEFAULT NULL, "school" varchar DEFAULT NULL, "major" varchar DEFAULT NULL, "minor" varchar DEFAULT NULL, "uni" varchar DEFAULT NULL, "created_at" datetime(6) NOT NULL, "updated_at" datetime(6) NOT NULL)[0m
  [1m[35m (0.0ms)[0m  [1m[32mINSERT INTO "users" ("id","first","last","year","school","major","minor","uni","created_at","updated_at")
                     SELECT "id","first","last","year","school","major","minor","uni","created_at","updated_at" FROM "ausers"[0m
  [1m[35m (0.0ms)[0m  [1m[35mDROP TABLE "ausers"[0m
  [1m[35m (0.0ms)[0m  [1m[35mPRAGMA defer_foreign_keys = 0[0m
  [1m[35m (0.0ms)[0m  [1m[35mPRAGMA foreign_keys = 1[0m
  [1m[36mActiveRecord::SchemaMigration Create (0.0ms)[0m  [1m[32mINSERT INTO "schema_migrations" ("version") VALUES (?)[0m  [["version", "20221031235156"]]
  [1m[36mTRANSACTION (0.2ms)[0m  [1m[36mcommit transaction[0m
Migrating to AddCoursesTable (20221102205646)
  [1m[36mTRANSACTION (0.0ms)[0m  [1m[36mbegin transaction[0m
  [1m[35m (0.1ms)[0m  [1m[35mCREATE TABLE "addcourses" ("id" integer PRIMARY KEY AUTOINCREMENT NOT NULL, "uni" varchar, "course" varchar, "semester" varchar, "year" integer, "created_at" datetime(6) NOT NULL, "updated_at" datetime(6) NOT NULL)[0m
  [1m[36mActiveRecord::SchemaMigration Create (0.0ms)[0m  [1m[32mINSERT INTO "schema_migrations" ("version") VALUES (?)[0m  [["version", "20221102205646"]]
  [1m[36mTRANSACTION (0.2ms)[0m  [1m[36mcommit transaction[0m
  [1m[36mActiveRecord::InternalMetadata Load (0.1ms)[0m  [1m[34mSELECT "ar_internal_metadata".* FROM "ar_internal_metadata" WHERE "ar_internal_metadata"."key" = ? LIMIT ?[0m  [["key", "environment"], ["LIMIT", 1]]
  [1m[36mTRANSACTION (0.0ms)[0m  [1m[36mbegin transaction[0m
  [1m[36mActiveRecord::InternalMetadata Create (0.1ms)[0m  [1m[32mINSERT INTO "ar_internal_metadata" ("key", "value", "created_at", "updated_at") VALUES (?, ?, ?, ?)[0m  [["key", "environment"], ["value", "development"], ["created_at", "2022-11-03 01:38:34.563972"], ["updated_at", "2022-11-03 01:38:34.563972"]]
  [1m[36mTRANSACTION (0.2ms)[0m  [1m[36mcommit transaction[0m
  [1m[36mActiveRecord::SchemaMigration Pluck (0.0ms)[0m  [1m[34mSELECT "schema_migrations"."version" FROM "schema_migrations" ORDER BY "schema_migrations"."version" ASC[0m
Started GET "/" for 127.0.0.1 at 2022-11-02 21:58:18 -0400
  [1m[36mActiveRecord::SchemaMigration Pluck (0.2ms)[0m  [1m[34mSELECT "schema_migrations"."version" FROM "schema_migrations" ORDER BY "schema_migrations"."version" ASC[0m
Processing by ArticlesController#index as HTML
  Rendering layout layouts/application.html.erb
  Rendering articles/index.html.erb within layouts/application
  Rendered articles/index.html.erb within layouts/application (Duration: 8.9ms | Allocations: 1604)
  Rendered layout layouts/application.html.erb (Duration: 54.9ms | Allocations: 22832)
Completed 200 OK in 68ms (Views: 59.5ms | ActiveRecord: 0.0ms | Allocations: 27693)


Started GET "/users" for 127.0.0.1 at 2022-11-02 21:58:20 -0400
Processing by UsersController#show as HTML
Redirected to http://127.0.0.1:3000/users/new
Completed 302 Found in 2ms (ActiveRecord: 0.0ms | Allocations: 714)


Started GET "/users/new" for 127.0.0.1 at 2022-11-02 21:58:20 -0400
Processing by UsersController#new as HTML
  Rendering layout layouts/application.html.erb
  Rendering users/new.html.erb within layouts/application
  Rendered users/new.html.erb within layouts/application (Duration: 4.4ms | Allocations: 2235)
  Rendered layout layouts/application.html.erb (Duration: 6.2ms | Allocations: 3197)
Completed 200 OK in 9ms (Views: 8.3ms | ActiveRecord: 0.0ms | Allocations: 3896)


Started POST "/users" for 127.0.0.1 at 2022-11-02 21:58:22 -0400
Processing by UsersController#create as HTML
  Parameters: {"authenticity_token"=>"[FILTERED]", "user"=>{"first"=>"a", "last"=>"", "uni"=>"", "year"=>"2026", "school"=>"CC", "major"=>"Computer Science", "minor"=>"Computer Science"}, "commit"=>"Next"}
  [1m[36mTRANSACTION (0.1ms)[0m  [1m[36mbegin transaction[0m
  ↳ app/controllers/users_controller.rb:17:in `create'
  [1m[36mUser Create (0.9ms)[0m  [1m[32mINSERT INTO "users" ("first", "last", "year", "school", "major", "minor", "uni", "created_at", "updated_at") VALUES (?, ?, ?, ?, ?, ?, ?, ?, ?)[0m  [["first", "a"], ["last", ""], ["year", 2026], ["school", "CC"], ["major", "Computer Science"], ["minor", "Computer Science"], ["uni", ""], ["created_at", "2022-11-03 01:58:22.227273"], ["updated_at", "2022-11-03 01:58:22.227273"]]
  ↳ app/controllers/users_controller.rb:17:in `create'
  [1m[36mTRANSACTION (0.6ms)[0m  [1m[36mcommit transaction[0m
  ↳ app/controllers/users_controller.rb:17:in `create'
Redirected to http://127.0.0.1:3000/addcourses
Completed 302 Found in 32ms (ActiveRecord: 2.3ms | Allocations: 20700)


Started GET "/addcourses" for 127.0.0.1 at 2022-11-02 21:58:22 -0400
Processing by AddcoursesController#show as HTML
Redirected to http://127.0.0.1:3000/addcourses/new
Completed 302 Found in 1ms (ActiveRecord: 0.0ms | Allocations: 168)


Started GET "/addcourses/new" for 127.0.0.1 at 2022-11-02 21:58:22 -0400
Processing by AddcoursesController#new as HTML
  Rendering layout layouts/application.html.erb
  Rendering addcourses/new.html.erb within layouts/application
  Rendered addcourses/new.html.erb within layouts/application (Duration: 1.8ms | Allocations: 1404)
  Rendered layout layouts/application.html.erb (Duration: 3.1ms | Allocations: 2374)
Completed 200 OK in 4ms (Views: 4.0ms | ActiveRecord: 0.0ms | Allocations: 3073)


  [1m[36mActiveRecord::SchemaMigration Pluck (0.1ms)[0m  [1m[34mSELECT "schema_migrations"."version" FROM "schema_migrations" ORDER BY "schema_migrations"."version" ASC[0m
  [1m[36mActiveRecord::InternalMetadata Load (0.0ms)[0m  [1m[34mSELECT "ar_internal_metadata".* FROM "ar_internal_metadata" WHERE "ar_internal_metadata"."key" = ? LIMIT ?[0m  [["key", "environment"], ["LIMIT", 1]]
  [1m[36mActiveRecord::SchemaMigration Pluck (0.0ms)[0m  [1m[34mSELECT "schema_migrations"."version" FROM "schema_migrations" ORDER BY "schema_migrations"."version" ASC[0m
  [1m[36mActiveRecord::SchemaMigration Pluck (0.1ms)[0m  [1m[34mSELECT "schema_migrations"."version" FROM "schema_migrations" ORDER BY "schema_migrations"."version" ASC[0m
  [1m[36mActiveRecord::SchemaMigration Pluck (0.1ms)[0m  [1m[34mSELECT "schema_migrations"."version" FROM "schema_migrations" ORDER BY "schema_migrations"."version" ASC[0m
  [1m[36mActiveRecord::InternalMetadata Load (0.1ms)[0m  [1m[34mSELECT "ar_internal_metadata".* FROM "ar_internal_metadata" WHERE "ar_internal_metadata"."key" = ? LIMIT ?[0m  [["key", "environment"], ["LIMIT", 1]]
  [1m[36mActiveRecord::SchemaMigration Pluck (0.0ms)[0m  [1m[34mSELECT "schema_migrations"."version" FROM "schema_migrations" ORDER BY "schema_migrations"."version" ASC[0m
  [1m[36mActiveRecord::SchemaMigration Pluck (0.1ms)[0m  [1m[34mSELECT "schema_migrations"."version" FROM "schema_migrations" ORDER BY "schema_migrations"."version" ASC[0m
  [1m[36mActiveRecord::SchemaMigration Pluck (0.1ms)[0m  [1m[34mSELECT "schema_migrations"."version" FROM "schema_migrations" ORDER BY "schema_migrations"."version" ASC[0m
  [1m[36mActiveRecord::InternalMetadata Load (0.1ms)[0m  [1m[34mSELECT "ar_internal_metadata".* FROM "ar_internal_metadata" WHERE "ar_internal_metadata"."key" = ? LIMIT ?[0m  [["key", "environment"], ["LIMIT", 1]]
  [1m[36mActiveRecord::SchemaMigration Pluck (0.0ms)[0m  [1m[34mSELECT "schema_migrations"."version" FROM "schema_migrations" ORDER BY "schema_migrations"."version" ASC[0m
  [1m[36mActiveRecord::SchemaMigration Pluck (0.1ms)[0m  [1m[34mSELECT "schema_migrations"."version" FROM "schema_migrations" ORDER BY "schema_migrations"."version" ASC[0m
  [1m[36mActiveRecord::InternalMetadata Pluck (0.1ms)[0m  [1m[34mSELECT "ar_internal_metadata"."value" FROM "ar_internal_metadata" WHERE "ar_internal_metadata"."key" = ? LIMIT ?[0m  [["key", "environment"], ["LIMIT", 1]]
  [1m[36mActiveRecord::SchemaMigration Pluck (0.0ms)[0m  [1m[34mSELECT "schema_migrations"."version" FROM "schema_migrations" ORDER BY "schema_migrations"."version" ASC[0m
  [1m[36mActiveRecord::InternalMetadata Pluck (0.0ms)[0m  [1m[34mSELECT "ar_internal_metadata"."value" FROM "ar_internal_metadata" WHERE "ar_internal_metadata"."key" = ? LIMIT ?[0m  [["key", "environment"], ["LIMIT", 1]]
  [1m[36mActiveRecord::SchemaMigration Pluck (0.0ms)[0m  [1m[34mSELECT "schema_migrations"."version" FROM "schema_migrations" ORDER BY "schema_migrations"."version" ASC[0m
  [1m[36mActiveRecord::InternalMetadata Pluck (0.0ms)[0m  [1m[34mSELECT "ar_internal_metadata"."value" FROM "ar_internal_metadata" WHERE "ar_internal_metadata"."key" = ? LIMIT ?[0m  [["key", "environment"], ["LIMIT", 1]]
  [1m[35m (0.8ms)[0m  [1m[35mDROP TABLE IF EXISTS "addcourses"[0m
  [1m[35m (0.3ms)[0m  [1m[35mCREATE TABLE "addcourses" ("id" integer PRIMARY KEY AUTOINCREMENT NOT NULL, "uni" varchar, "course" varchar, "semester" varchar, "year" integer, "created_at" datetime(6) NOT NULL, "updated_at" datetime(6) NOT NULL)[0m
  [1m[35m (0.3ms)[0m  [1m[35mDROP TABLE IF EXISTS "courses"[0m
  [1m[35m (0.4ms)[0m  [1m[35mCREATE TABLE "courses" ("id" integer PRIMARY KEY AUTOINCREMENT NOT NULL, "name" varchar, "courseID" varchar, "prof" varchar, "preReqs" text, "description" text, "reviews" text, "currentlyOffered" integer, "created_at" datetime(6) NOT NULL, "updated_at" datetime(6) NOT NULL)[0m
  [1m[35m (0.3ms)[0m  [1m[35mDROP TABLE IF EXISTS "courses_taken"[0m
  [1m[35m (0.3ms)[0m  [1m[35mCREATE TABLE "courses_taken" ("id" integer PRIMARY KEY AUTOINCREMENT NOT NULL, "uni" varchar, "courseID" varchar, "semester" varchar, "year" integer, "created_at" datetime(6) NOT NULL, "updated_at" datetime(6) NOT NULL)[0m
  [1m[35m (0.3ms)[0m  [1m[35mDROP TABLE IF EXISTS "students"[0m
  [1m[35m (0.3ms)[0m  [1m[35mCREATE TABLE "students" ("id" integer PRIMARY KEY AUTOINCREMENT NOT NULL, "first" varchar, "last" varchar, "class" integer, "school" varchar, "major" varchar, "minor" varchar, "created_at" datetime(6) NOT NULL, "updated_at" datetime(6) NOT NULL, "uni" varchar)[0m
  [1m[35m (0.3ms)[0m  [1m[35mDROP TABLE IF EXISTS "users"[0m
  [1m[35m (0.3ms)[0m  [1m[35mCREATE TABLE "users" ("id" integer PRIMARY KEY AUTOINCREMENT NOT NULL, "first" varchar, "last" varchar, "year" integer, "school" varchar, "major" varchar, "minor" varchar, "uni" varchar, "created_at" datetime(6) NOT NULL, "updated_at" datetime(6) NOT NULL)[0m
  [1m[36mActiveRecord::SchemaMigration Pluck (0.0ms)[0m  [1m[34mSELECT "schema_migrations"."version" FROM "schema_migrations" ORDER BY "schema_migrations"."version" ASC[0m
  [1m[36mActiveRecord::InternalMetadata Load (0.0ms)[0m  [1m[34mSELECT "ar_internal_metadata".* FROM "ar_internal_metadata" WHERE "ar_internal_metadata"."key" = ? LIMIT ?[0m  [["key", "environment"], ["LIMIT", 1]]
  [1m[36mActiveRecord::InternalMetadata Load (0.0ms)[0m  [1m[34mSELECT "ar_internal_metadata".* FROM "ar_internal_metadata" WHERE "ar_internal_metadata"."key" = ? LIMIT ?[0m  [["key", "environment"], ["LIMIT", 1]]
  [1m[36mActiveRecord::InternalMetadata Load (0.0ms)[0m  [1m[34mSELECT "ar_internal_metadata".* FROM "ar_internal_metadata" WHERE "ar_internal_metadata"."key" = ? LIMIT ?[0m  [["key", "schema_sha1"], ["LIMIT", 1]]
  [1m[36mTRANSACTION (0.0ms)[0m  [1m[36mbegin transaction[0m
  [1m[36mActiveRecord::InternalMetadata Create (0.2ms)[0m  [1m[32mINSERT INTO "ar_internal_metadata" ("key", "value", "created_at", "updated_at") VALUES (?, ?, ?, ?)[0m  [["key", "schema_sha1"], ["value", "559a855fe8c7468a29c2fab38640f8bd6f11d5b5"], ["created_at", "2022-11-03 02:50:02.993219"], ["updated_at", "2022-11-03 02:50:02.993219"]]
  [1m[36mTRANSACTION (0.2ms)[0m  [1m[36mcommit transaction[0m
  [1m[35m (0.0ms)[0m  [1m[35mDROP TABLE IF EXISTS "addcourses"[0m
  [1m[35m (0.3ms)[0m  [1m[35mCREATE TABLE "addcourses" ("id" integer PRIMARY KEY AUTOINCREMENT NOT NULL, "uni" varchar, "course" varchar, "semester" varchar, "year" integer, "created_at" datetime(6) NOT NULL, "updated_at" datetime(6) NOT NULL)[0m
  [1m[35m (0.0ms)[0m  [1m[35mDROP TABLE IF EXISTS "courses"[0m
  [1m[35m (0.4ms)[0m  [1m[35mCREATE TABLE "courses" ("id" integer PRIMARY KEY AUTOINCREMENT NOT NULL, "name" varchar, "courseID" varchar, "prof" varchar, "preReqs" text, "description" text, "reviews" text, "currentlyOffered" integer, "created_at" datetime(6) NOT NULL, "updated_at" datetime(6) NOT NULL)[0m
  [1m[35m (0.0ms)[0m  [1m[35mDROP TABLE IF EXISTS "courses_taken"[0m
  [1m[35m (0.3ms)[0m  [1m[35mCREATE TABLE "courses_taken" ("id" integer PRIMARY KEY AUTOINCREMENT NOT NULL, "uni" varchar, "courseID" varchar, "semester" varchar, "year" integer, "created_at" datetime(6) NOT NULL, "updated_at" datetime(6) NOT NULL)[0m
  [1m[35m (0.0ms)[0m  [1m[35mDROP TABLE IF EXISTS "students"[0m
  [1m[35m (0.3ms)[0m  [1m[35mCREATE TABLE "students" ("id" integer PRIMARY KEY AUTOINCREMENT NOT NULL, "first" varchar, "last" varchar, "class" integer, "school" varchar, "major" varchar, "minor" varchar, "created_at" datetime(6) NOT NULL, "updated_at" datetime(6) NOT NULL, "uni" varchar)[0m
  [1m[35m (0.0ms)[0m  [1m[35mDROP TABLE IF EXISTS "users"[0m
  [1m[35m (0.3ms)[0m  [1m[35mCREATE TABLE "users" ("id" integer PRIMARY KEY AUTOINCREMENT NOT NULL, "first" varchar, "last" varchar, "year" integer, "school" varchar, "major" varchar, "minor" varchar, "uni" varchar, "created_at" datetime(6) NOT NULL, "updated_at" datetime(6) NOT NULL)[0m
  [1m[35m (0.3ms)[0m  [1m[35mCREATE TABLE "schema_migrations" ("version" varchar NOT NULL PRIMARY KEY)[0m
  [1m[36mActiveRecord::SchemaMigration Pluck (0.0ms)[0m  [1m[34mSELECT "schema_migrations"."version" FROM "schema_migrations" ORDER BY "schema_migrations"."version" ASC[0m
  [1m[35m (0.3ms)[0m  [1m[32mINSERT INTO "schema_migrations" (version) VALUES (20221102205646)[0m
  [1m[35m (0.3ms)[0m  [1m[32mINSERT INTO "schema_migrations" (version) VALUES
(20221030222158),
(20221030222548),
(20221030223605),
(20221030223739),
(20221031233920),
(20221031235156);

[0m
  [1m[35m (0.3ms)[0m  [1m[35mCREATE TABLE "ar_internal_metadata" ("key" varchar NOT NULL PRIMARY KEY, "value" varchar, "created_at" datetime(6) NOT NULL, "updated_at" datetime(6) NOT NULL)[0m
  [1m[36mActiveRecord::InternalMetadata Load (0.0ms)[0m  [1m[34mSELECT "ar_internal_metadata".* FROM "ar_internal_metadata" WHERE "ar_internal_metadata"."key" = ? LIMIT ?[0m  [["key", "environment"], ["LIMIT", 1]]
  [1m[36mTRANSACTION (0.0ms)[0m  [1m[36mbegin transaction[0m
  [1m[36mActiveRecord::InternalMetadata Create (0.1ms)[0m  [1m[32mINSERT INTO "ar_internal_metadata" ("key", "value", "created_at", "updated_at") VALUES (?, ?, ?, ?)[0m  [["key", "environment"], ["value", "development"], ["created_at", "2022-11-03 02:50:03.003856"], ["updated_at", "2022-11-03 02:50:03.003856"]]
  [1m[36mTRANSACTION (0.2ms)[0m  [1m[36mcommit transaction[0m
  [1m[36mActiveRecord::InternalMetadata Load (0.0ms)[0m  [1m[34mSELECT "ar_internal_metadata".* FROM "ar_internal_metadata" WHERE "ar_internal_metadata"."key" = ? LIMIT ?[0m  [["key", "environment"], ["LIMIT", 1]]
  [1m[36mTRANSACTION (0.0ms)[0m  [1m[36mbegin transaction[0m
  [1m[36mActiveRecord::InternalMetadata Update (0.1ms)[0m  [1m[33mUPDATE "ar_internal_metadata" SET "value" = ?, "updated_at" = ? WHERE "ar_internal_metadata"."key" = ?[0m  [["value", "test"], ["updated_at", "2022-11-03 02:50:03.005264"], ["key", "environment"]]
  [1m[36mTRANSACTION (0.2ms)[0m  [1m[36mcommit transaction[0m
  [1m[36mActiveRecord::InternalMetadata Load (0.0ms)[0m  [1m[34mSELECT "ar_internal_metadata".* FROM "ar_internal_metadata" WHERE "ar_internal_metadata"."key" = ? LIMIT ?[0m  [["key", "schema_sha1"], ["LIMIT", 1]]
  [1m[36mTRANSACTION (0.0ms)[0m  [1m[36mbegin transaction[0m
  [1m[36mActiveRecord::InternalMetadata Create (0.1ms)[0m  [1m[32mINSERT INTO "ar_internal_metadata" ("key", "value", "created_at", "updated_at") VALUES (?, ?, ?, ?)[0m  [["key", "schema_sha1"], ["value", "559a855fe8c7468a29c2fab38640f8bd6f11d5b5"], ["created_at", "2022-11-03 02:50:03.006649"], ["updated_at", "2022-11-03 02:50:03.006649"]]
  [1m[36mTRANSACTION (0.2ms)[0m  [1m[36mcommit transaction[0m
Started GET "/" for 127.0.0.1 at 2022-11-02 22:58:11 -0400
  [1m[36mActiveRecord::SchemaMigration Pluck (0.7ms)[0m  [1m[34mSELECT "schema_migrations"."version" FROM "schema_migrations" ORDER BY "schema_migrations"."version" ASC[0m
Processing by ArticlesController#index as HTML
  Rendering layout layouts/application.html.erb
  Rendering articles/index.html.erb within layouts/application
  Rendered articles/index.html.erb within layouts/application (Duration: 13.2ms | Allocations: 5427)
  Rendered layout layouts/application.html.erb (Duration: 258.9ms | Allocations: 85877)
Completed 200 OK in 289ms (Views: 267.1ms | ActiveRecord: 0.0ms | Allocations: 91965)


Started GET "/users" for 127.0.0.1 at 2022-11-02 22:58:13 -0400
Processing by UsersController#show as HTML
Redirected to http://127.0.0.1:3000/users/new
Completed 302 Found in 2ms (ActiveRecord: 0.0ms | Allocations: 721)


Started GET "/users/new" for 127.0.0.1 at 2022-11-02 22:58:13 -0400
Processing by UsersController#new as HTML
  Rendering layout layouts/application.html.erb
  Rendering users/new.html.erb within layouts/application
  Rendered users/new.html.erb within layouts/application (Duration: 9.4ms | Allocations: 2277)
  Rendered layout layouts/application.html.erb (Duration: 13.8ms | Allocations: 3278)
Completed 200 OK in 17ms (Views: 15.6ms | ActiveRecord: 0.0ms | Allocations: 4002)


Started POST "/users" for 127.0.0.1 at 2022-11-02 22:58:19 -0400
Processing by UsersController#create as HTML
  Parameters: {"authenticity_token"=>"[FILTERED]", "user"=>{"first"=>"Sameer", "last"=>"Saxena", "uni"=>"ss6167", "year"=>"2026", "school"=>"CC", "major"=>"Computer Science", "minor"=>"Computer Science"}, "commit"=>"Next"}
  [1m[36mTRANSACTION (0.1ms)[0m  [1m[36mbegin transaction[0m
  ↳ app/controllers/users_controller.rb:17:in `create'
  [1m[36mUser Create (4.6ms)[0m  [1m[32mINSERT INTO "users" ("first", "last", "year", "school", "major", "minor", "uni", "created_at", "updated_at") VALUES (?, ?, ?, ?, ?, ?, ?, ?, ?)[0m  [["first", "Sameer"], ["last", "Saxena"], ["year", 2026], ["school", "CC"], ["major", "Computer Science"], ["minor", "Computer Science"], ["uni", "ss6167"], ["created_at", "2022-11-03 02:58:19.080396"], ["updated_at", "2022-11-03 02:58:19.080396"]]
  ↳ app/controllers/users_controller.rb:17:in `create'
  [1m[36mTRANSACTION (1.0ms)[0m  [1m[36mcommit transaction[0m
  ↳ app/controllers/users_controller.rb:17:in `create'
Redirected to http://127.0.0.1:3000/addcourses
Completed 302 Found in 51ms (ActiveRecord: 6.4ms | Allocations: 20762)


Started GET "/addcourses" for 127.0.0.1 at 2022-11-02 22:58:19 -0400
Processing by AddcoursesController#show as HTML
Redirected to http://127.0.0.1:3000/addcourses/new
Completed 302 Found in 1ms (ActiveRecord: 0.0ms | Allocations: 174)


Started GET "/addcourses/new" for 127.0.0.1 at 2022-11-02 22:58:19 -0400
Processing by AddcoursesController#new as HTML
  Rendering layout layouts/application.html.erb
  Rendering addcourses/new.html.erb within layouts/application
  Rendered addcourses/new.html.erb within layouts/application (Duration: 4.2ms | Allocations: 1336)
  Rendered layout layouts/application.html.erb (Duration: 6.6ms | Allocations: 2333)
Completed 200 OK in 9ms (Views: 8.6ms | ActiveRecord: 0.0ms | Allocations: 3056)


Started POST "/addcourses" for 127.0.0.1 at 2022-11-02 22:58:26 -0400
Processing by AddcoursesController#create as HTML
  Parameters: {"authenticity_token"=>"[FILTERED]", "addcourse"=>{"course"=>"Distributed Systems", "semester"=>"Fall", "year"=>"2018"}, "commit"=>"Add"}
  [1m[36mTRANSACTION (0.1ms)[0m  [1m[36mbegin transaction[0m
  ↳ app/controllers/addcourses_controller.rb:17:in `create'
  [1m[36mAddcourse Create (0.5ms)[0m  [1m[32mINSERT INTO "addcourses" ("uni", "course", "semester", "year", "created_at", "updated_at") VALUES (?, ?, ?, ?, ?, ?)[0m  [["uni", "ss6167"], ["course", "Distributed Systems"], ["semester", "Fall"], ["year", 2018], ["created_at", "2022-11-03 02:58:26.757920"], ["updated_at", "2022-11-03 02:58:26.757920"]]
  ↳ app/controllers/addcourses_controller.rb:17:in `create'
  [1m[36mTRANSACTION (0.6ms)[0m  [1m[36mcommit transaction[0m
  ↳ app/controllers/addcourses_controller.rb:17:in `create'
Redirected to http://127.0.0.1:3000/addcourses
Completed 302 Found in 33ms (ActiveRecord: 1.7ms | Allocations: 16183)


Started GET "/addcourses" for 127.0.0.1 at 2022-11-02 22:58:26 -0400
Processing by AddcoursesController#show as HTML
Redirected to http://127.0.0.1:3000/addcourses/new
Completed 302 Found in 1ms (ActiveRecord: 0.0ms | Allocations: 170)


Started GET "/addcourses/new" for 127.0.0.1 at 2022-11-02 22:58:26 -0400
Processing by AddcoursesController#new as HTML
  Rendering layout layouts/application.html.erb
  Rendering addcourses/new.html.erb within layouts/application
  Rendered addcourses/new.html.erb within layouts/application (Duration: 2.7ms | Allocations: 1336)
  Rendered layout layouts/application.html.erb (Duration: 5.2ms | Allocations: 2531)
Completed 200 OK in 8ms (Views: 7.2ms | ActiveRecord: 0.0ms | Allocations: 3428)


Started GET "/" for 127.0.0.1 at 2022-11-02 23:01:09 -0400
  [1m[36mActiveRecord::SchemaMigration Pluck (0.3ms)[0m  [1m[34mSELECT "schema_migrations"."version" FROM "schema_migrations" ORDER BY "schema_migrations"."version" ASC[0m
Processing by ArticlesController#index as HTML
  Rendering layout layouts/application.html.erb
  Rendering articles/index.html.erb within layouts/application
  Rendered articles/index.html.erb within layouts/application (Duration: 11.7ms | Allocations: 1558)
  Rendered layout layouts/application.html.erb (Duration: 46.8ms | Allocations: 22474)
Completed 200 OK in 60ms (Views: 51.2ms | ActiveRecord: 0.0ms | Allocations: 27358)


Started POST "/dashboards" for 127.0.0.1 at 2022-11-02 23:01:12 -0400
Processing by DashboardsController#create as HTML
  Parameters: {"authenticity_token"=>"[FILTERED]", "user"=>{"uni"=>"ss6167"}, "commit"=>"Enter"}
Redirected to http://127.0.0.1:3000/dashboards
Completed 302 Found in 1ms (ActiveRecord: 0.0ms | Allocations: 408)


Started GET "/dashboards" for 127.0.0.1 at 2022-11-02 23:01:12 -0400
Processing by DashboardsController#show as HTML
  [1m[36mUser Load (0.2ms)[0m  [1m[34mSELECT "users".* FROM "users" WHERE "users"."uni" = ? LIMIT ?[0m  [["uni", "ss6167"], ["LIMIT", 1]]
  ↳ app/controllers/dashboards_controller.rb:12:in `show'
  Rendering layout layouts/application.html.erb
  Rendering dashboards/show.html.erb within layouts/application
  Rendered dashboards/show.html.erb within layouts/application (Duration: 1.2ms | Allocations: 290)
  Rendered layout layouts/application.html.erb (Duration: 3.8ms | Allocations: 1293)
Completed 200 OK in 29ms (Views: 5.4ms | ActiveRecord: 0.9ms | Allocations: 22117)


Started POST "/dashboards" for 127.0.0.1 at 2022-11-02 23:01:16 -0400
Processing by DashboardsController#create as HTML
  Parameters: {"authenticity_token"=>"[FILTERED]", "user"=>{"uni"=>"ur"}, "commit"=>"Enter"}
Redirected to http://127.0.0.1:3000/dashboards
Completed 302 Found in 1ms (ActiveRecord: 0.0ms | Allocations: 372)


Started GET "/dashboards" for 127.0.0.1 at 2022-11-02 23:01:16 -0400
Processing by DashboardsController#show as HTML
  [1m[36mUser Load (0.1ms)[0m  [1m[34mSELECT "users".* FROM "users" WHERE "users"."uni" = ? LIMIT ?[0m  [["uni", "ur"], ["LIMIT", 1]]
  ↳ app/controllers/dashboards_controller.rb:12:in `show'
Redirected to http://127.0.0.1:3000/
Completed 302 Found in 2ms (ActiveRecord: 0.1ms | Allocations: 728)


Started GET "/" for 127.0.0.1 at 2022-11-02 23:01:16 -0400
Processing by ArticlesController#index as HTML
  Rendering layout layouts/application.html.erb
  Rendering articles/index.html.erb within layouts/application
  Rendered articles/index.html.erb within layouts/application (Duration: 1.0ms | Allocations: 583)
  Rendered layout layouts/application.html.erb (Duration: 2.7ms | Allocations: 1581)
Completed 200 OK in 4ms (Views: 3.4ms | ActiveRecord: 0.0ms | Allocations: 1814)


  [1m[36mActiveRecord::SchemaMigration Pluck (0.2ms)[0m  [1m[34mSELECT "schema_migrations"."version" FROM "schema_migrations" ORDER BY "schema_migrations"."version" ASC[0m
  [1m[36mActiveRecord::InternalMetadata Load (0.2ms)[0m  [1m[34mSELECT "ar_internal_metadata".* FROM "ar_internal_metadata" WHERE "ar_internal_metadata"."key" = ? LIMIT ?[0m  [["key", "environment"], ["LIMIT", 1]]
  [1m[36mActiveRecord::SchemaMigration Pluck (0.1ms)[0m  [1m[34mSELECT "schema_migrations"."version" FROM "schema_migrations" ORDER BY "schema_migrations"."version" ASC[0m
  [1m[36mActiveRecord::SchemaMigration Pluck (0.1ms)[0m  [1m[34mSELECT "schema_migrations"."version" FROM "schema_migrations" ORDER BY "schema_migrations"."version" ASC[0m
  [1m[36mActiveRecord::InternalMetadata Load (0.1ms)[0m  [1m[34mSELECT "ar_internal_metadata".* FROM "ar_internal_metadata" WHERE "ar_internal_metadata"."key" = ? LIMIT ?[0m  [["key", "environment"], ["LIMIT", 1]]
  [1m[36mActiveRecord::SchemaMigration Pluck (0.1ms)[0m  [1m[34mSELECT "schema_migrations"."version" FROM "schema_migrations" ORDER BY "schema_migrations"."version" ASC[0m
  [1m[36mActiveRecord::SchemaMigration Pluck (0.2ms)[0m  [1m[34mSELECT "schema_migrations"."version" FROM "schema_migrations" ORDER BY "schema_migrations"."version" ASC[0m
  [1m[36mActiveRecord::InternalMetadata Pluck (0.2ms)[0m  [1m[34mSELECT "ar_internal_metadata"."value" FROM "ar_internal_metadata" WHERE "ar_internal_metadata"."key" = ? LIMIT ?[0m  [["key", "environment"], ["LIMIT", 1]]
  [1m[36mActiveRecord::SchemaMigration Pluck (0.1ms)[0m  [1m[34mSELECT "schema_migrations"."version" FROM "schema_migrations" ORDER BY "schema_migrations"."version" ASC[0m
  [1m[36mActiveRecord::InternalMetadata Pluck (0.3ms)[0m  [1m[34mSELECT "ar_internal_metadata"."value" FROM "ar_internal_metadata" WHERE "ar_internal_metadata"."key" = ? LIMIT ?[0m  [["key", "environment"], ["LIMIT", 1]]
  [1m[36mActiveRecord::SchemaMigration Pluck (4.2ms)[0m  [1m[34mSELECT "schema_migrations"."version" FROM "schema_migrations" ORDER BY "schema_migrations"."version" ASC[0m
  [1m[36mActiveRecord::InternalMetadata Pluck (0.1ms)[0m  [1m[34mSELECT "ar_internal_metadata"."value" FROM "ar_internal_metadata" WHERE "ar_internal_metadata"."key" = ? LIMIT ?[0m  [["key", "environment"], ["LIMIT", 1]]
  [1m[35m (1.1ms)[0m  [1m[35mDROP TABLE IF EXISTS "addcourses"[0m
  [1m[35m (1.6ms)[0m  [1m[35mCREATE TABLE "addcourses" ("id" integer PRIMARY KEY AUTOINCREMENT NOT NULL, "uni" varchar, "course" varchar, "semester" varchar, "year" integer, "created_at" datetime(6) NOT NULL, "updated_at" datetime(6) NOT NULL)[0m
  [1m[35m (0.9ms)[0m  [1m[35mDROP TABLE IF EXISTS "courses"[0m
  [1m[35m (0.9ms)[0m  [1m[35mCREATE TABLE "courses" ("id" integer PRIMARY KEY AUTOINCREMENT NOT NULL, "name" varchar, "courseID" varchar, "prof" varchar, "preReqs" text, "description" text, "reviews" text, "currentlyOffered" integer, "created_at" datetime(6) NOT NULL, "updated_at" datetime(6) NOT NULL)[0m
  [1m[35m (0.6ms)[0m  [1m[35mDROP TABLE IF EXISTS "courses_taken"[0m
  [1m[35m (0.7ms)[0m  [1m[35mCREATE TABLE "courses_taken" ("id" integer PRIMARY KEY AUTOINCREMENT NOT NULL, "uni" varchar, "courseID" varchar, "semester" varchar, "year" integer, "created_at" datetime(6) NOT NULL, "updated_at" datetime(6) NOT NULL)[0m
  [1m[35m (0.7ms)[0m  [1m[35mDROP TABLE IF EXISTS "students"[0m
  [1m[35m (0.7ms)[0m  [1m[35mCREATE TABLE "students" ("id" integer PRIMARY KEY AUTOINCREMENT NOT NULL, "first" varchar, "last" varchar, "class" integer, "school" varchar, "major" varchar, "minor" varchar, "created_at" datetime(6) NOT NULL, "updated_at" datetime(6) NOT NULL, "uni" varchar)[0m
  [1m[35m (0.7ms)[0m  [1m[35mDROP TABLE IF EXISTS "users"[0m
  [1m[35m (0.8ms)[0m  [1m[35mCREATE TABLE "users" ("id" integer PRIMARY KEY AUTOINCREMENT NOT NULL, "first" varchar, "last" varchar, "year" integer, "school" varchar, "major" varchar, "minor" varchar, "uni" varchar, "created_at" datetime(6) NOT NULL, "updated_at" datetime(6) NOT NULL)[0m
  [1m[36mActiveRecord::SchemaMigration Pluck (0.1ms)[0m  [1m[34mSELECT "schema_migrations"."version" FROM "schema_migrations" ORDER BY "schema_migrations"."version" ASC[0m
  [1m[36mActiveRecord::InternalMetadata Load (0.2ms)[0m  [1m[34mSELECT "ar_internal_metadata".* FROM "ar_internal_metadata" WHERE "ar_internal_metadata"."key" = ? LIMIT ?[0m  [["key", "environment"], ["LIMIT", 1]]
  [1m[36mActiveRecord::InternalMetadata Load (0.1ms)[0m  [1m[34mSELECT "ar_internal_metadata".* FROM "ar_internal_metadata" WHERE "ar_internal_metadata"."key" = ? LIMIT ?[0m  [["key", "environment"], ["LIMIT", 1]]
  [1m[36mActiveRecord::InternalMetadata Load (0.1ms)[0m  [1m[34mSELECT "ar_internal_metadata".* FROM "ar_internal_metadata" WHERE "ar_internal_metadata"."key" = ? LIMIT ?[0m  [["key", "schema_sha1"], ["LIMIT", 1]]
  [1m[35m (0.9ms)[0m  [1m[35mDROP TABLE IF EXISTS "addcourses"[0m
  [1m[35m (0.8ms)[0m  [1m[35mCREATE TABLE "addcourses" ("id" integer PRIMARY KEY AUTOINCREMENT NOT NULL, "uni" varchar, "course" varchar, "semester" varchar, "year" integer, "created_at" datetime(6) NOT NULL, "updated_at" datetime(6) NOT NULL)[0m
  [1m[35m (1.0ms)[0m  [1m[35mDROP TABLE IF EXISTS "courses"[0m
  [1m[35m (1.1ms)[0m  [1m[35mCREATE TABLE "courses" ("id" integer PRIMARY KEY AUTOINCREMENT NOT NULL, "name" varchar, "courseID" varchar, "prof" varchar, "preReqs" text, "description" text, "reviews" text, "currentlyOffered" integer, "created_at" datetime(6) NOT NULL, "updated_at" datetime(6) NOT NULL)[0m
  [1m[35m (0.7ms)[0m  [1m[35mDROP TABLE IF EXISTS "courses_taken"[0m
  [1m[35m (0.8ms)[0m  [1m[35mCREATE TABLE "courses_taken" ("id" integer PRIMARY KEY AUTOINCREMENT NOT NULL, "uni" varchar, "courseID" varchar, "semester" varchar, "year" integer, "created_at" datetime(6) NOT NULL, "updated_at" datetime(6) NOT NULL)[0m
  [1m[35m (0.8ms)[0m  [1m[35mDROP TABLE IF EXISTS "students"[0m
  [1m[35m (0.8ms)[0m  [1m[35mCREATE TABLE "students" ("id" integer PRIMARY KEY AUTOINCREMENT NOT NULL, "first" varchar, "last" varchar, "class" integer, "school" varchar, "major" varchar, "minor" varchar, "created_at" datetime(6) NOT NULL, "updated_at" datetime(6) NOT NULL, "uni" varchar)[0m
  [1m[35m (0.8ms)[0m  [1m[35mDROP TABLE IF EXISTS "users"[0m
  [1m[35m (0.8ms)[0m  [1m[35mCREATE TABLE "users" ("id" integer PRIMARY KEY AUTOINCREMENT NOT NULL, "first" varchar, "last" varchar, "year" integer, "school" varchar, "major" varchar, "minor" varchar, "uni" varchar, "created_at" datetime(6) NOT NULL, "updated_at" datetime(6) NOT NULL)[0m
  [1m[36mActiveRecord::SchemaMigration Pluck (0.1ms)[0m  [1m[34mSELECT "schema_migrations"."version" FROM "schema_migrations" ORDER BY "schema_migrations"."version" ASC[0m
  [1m[36mActiveRecord::InternalMetadata Load (0.1ms)[0m  [1m[34mSELECT "ar_internal_metadata".* FROM "ar_internal_metadata" WHERE "ar_internal_metadata"."key" = ? LIMIT ?[0m  [["key", "environment"], ["LIMIT", 1]]
  [1m[36mTRANSACTION (0.0ms)[0m  [1m[36mbegin transaction[0m
  [1m[36mActiveRecord::InternalMetadata Update (0.3ms)[0m  [1m[33mUPDATE "ar_internal_metadata" SET "value" = ?, "updated_at" = ? WHERE "ar_internal_metadata"."key" = ?[0m  [["value", "development"], ["updated_at", "2022-11-16 17:59:14.499037"], ["key", "environment"]]
  [1m[36mTRANSACTION (0.7ms)[0m  [1m[36mcommit transaction[0m
  [1m[36mActiveRecord::InternalMetadata Load (0.1ms)[0m  [1m[34mSELECT "ar_internal_metadata".* FROM "ar_internal_metadata" WHERE "ar_internal_metadata"."key" = ? LIMIT ?[0m  [["key", "environment"], ["LIMIT", 1]]
  [1m[36mTRANSACTION (0.1ms)[0m  [1m[36mbegin transaction[0m
  [1m[36mActiveRecord::InternalMetadata Update (0.4ms)[0m  [1m[33mUPDATE "ar_internal_metadata" SET "value" = ?, "updated_at" = ? WHERE "ar_internal_metadata"."key" = ?[0m  [["value", "test"], ["updated_at", "2022-11-16 17:59:14.504123"], ["key", "environment"]]
  [1m[36mTRANSACTION (0.7ms)[0m  [1m[36mcommit transaction[0m
  [1m[36mActiveRecord::InternalMetadata Load (0.1ms)[0m  [1m[34mSELECT "ar_internal_metadata".* FROM "ar_internal_metadata" WHERE "ar_internal_metadata"."key" = ? LIMIT ?[0m  [["key", "schema_sha1"], ["LIMIT", 1]]
  [1m[36mActiveRecord::SchemaMigration Pluck (0.1ms)[0m  [1m[34mSELECT "schema_migrations"."version" FROM "schema_migrations" ORDER BY "schema_migrations"."version" ASC[0m
Started GET "/" for 127.0.0.1 at 2022-11-16 12:59:22 -0500
  [1m[36mActiveRecord::SchemaMigration Pluck (0.2ms)[0m  [1m[34mSELECT "schema_migrations"."version" FROM "schema_migrations" ORDER BY "schema_migrations"."version" ASC[0m
Processing by ArticlesController#index as HTML
  Rendering layout layouts/application.html.erb
  Rendering articles/index.html.erb within layouts/application
  Rendered articles/index.html.erb within layouts/application (Duration: 15.1ms | Allocations: 1822)
  Rendered layout layouts/application.html.erb (Duration: 436.0ms | Allocations: 87128)
Completed 200 OK in 482ms (Views: 451.9ms | ActiveRecord: 0.0ms | Allocations: 93217)


Started POST "/dashboards" for 127.0.0.1 at 2022-11-16 12:59:27 -0500
Processing by DashboardsController#create as HTML
  Parameters: {"authenticity_token"=>"[FILTERED]", "user"=>{"uni"=>"lfc2136"}, "commit"=>"Enter"}
Redirected to http://127.0.0.1:3000/dashboards
Completed 302 Found in 1ms (ActiveRecord: 0.0ms | Allocations: 415)


Started GET "/dashboards" for 127.0.0.1 at 2022-11-16 12:59:27 -0500
Processing by DashboardsController#show as HTML
  [1m[36mUser Load (0.2ms)[0m  [1m[34mSELECT "users".* FROM "users" WHERE "users"."uni" = ? LIMIT ?[0m  [["uni", "lfc2136"], ["LIMIT", 1]]
  ↳ app/controllers/dashboards_controller.rb:12:in `show'
Redirected to http://127.0.0.1:3000/
Completed 302 Found in 6ms (ActiveRecord: 0.4ms | Allocations: 3005)


Started GET "/" for 127.0.0.1 at 2022-11-16 12:59:27 -0500
Processing by ArticlesController#index as HTML
  Rendering layout layouts/application.html.erb
  Rendering articles/index.html.erb within layouts/application
  Rendered articles/index.html.erb within layouts/application (Duration: 0.8ms | Allocations: 573)
  Rendered layout layouts/application.html.erb (Duration: 2.5ms | Allocations: 1572)
Completed 200 OK in 3ms (Views: 2.9ms | ActiveRecord: 0.0ms | Allocations: 1806)


Started GET "/users" for 127.0.0.1 at 2022-11-16 12:59:31 -0500
Processing by UsersController#show as HTML
Redirected to http://127.0.0.1:3000/users/new
Completed 302 Found in 1ms (ActiveRecord: 0.0ms | Allocations: 703)


Started GET "/users/new" for 127.0.0.1 at 2022-11-16 12:59:31 -0500
Processing by UsersController#new as HTML
  Rendering layout layouts/application.html.erb
  Rendering users/new.html.erb within layouts/application
  Rendered users/new.html.erb within layouts/application (Duration: 4.4ms | Allocations: 2275)
  Rendered layout layouts/application.html.erb (Duration: 6.8ms | Allocations: 3274)
Completed 200 OK in 9ms (Views: 8.1ms | ActiveRecord: 0.0ms | Allocations: 3998)


Started POST "/users" for 127.0.0.1 at 2022-11-16 12:59:38 -0500
Processing by UsersController#create as HTML
  Parameters: {"authenticity_token"=>"[FILTERED]", "user"=>{"first"=>"Lucas", "last"=>"Cremers", "uni"=>"lfc2136", "year"=>"2026", "school"=>"CC", "major"=>"Computer Science", "minor"=>"Computer Science"}, "commit"=>"Next"}
  [1m[36mTRANSACTION (0.2ms)[0m  [1m[36mbegin transaction[0m
  ↳ app/controllers/users_controller.rb:17:in `create'
  [1m[36mUser Create (19.7ms)[0m  [1m[32mINSERT INTO "users" ("first", "last", "year", "school", "major", "minor", "uni", "created_at", "updated_at") VALUES (?, ?, ?, ?, ?, ?, ?, ?, ?)[0m  [["first", "Lucas"], ["last", "Cremers"], ["year", 2026], ["school", "CC"], ["major", "Computer Science"], ["minor", "Computer Science"], ["uni", "lfc2136"], ["created_at", "2022-11-16 17:59:38.409554"], ["updated_at", "2022-11-16 17:59:38.409554"]]
  ↳ app/controllers/users_controller.rb:17:in `create'
  [1m[36mTRANSACTION (1.1ms)[0m  [1m[36mcommit transaction[0m
  ↳ app/controllers/users_controller.rb:17:in `create'
Redirected to http://127.0.0.1:3000/addcourses
Completed 302 Found in 94ms (ActiveRecord: 21.4ms | Allocations: 19694)


Started GET "/addcourses" for 127.0.0.1 at 2022-11-16 12:59:38 -0500
Processing by AddcoursesController#show as HTML
Redirected to http://127.0.0.1:3000/addcourses/new
Completed 302 Found in 1ms (ActiveRecord: 0.0ms | Allocations: 175)


Started GET "/addcourses/new" for 127.0.0.1 at 2022-11-16 12:59:38 -0500
Processing by AddcoursesController#new as HTML
  Rendering layout layouts/application.html.erb
  Rendering addcourses/new.html.erb within layouts/application
  Rendered addcourses/new.html.erb within layouts/application (Duration: 3.5ms | Allocations: 1346)
  Rendered layout layouts/application.html.erb (Duration: 6.9ms | Allocations: 2345)
Completed 200 OK in 11ms (Views: 9.7ms | ActiveRecord: 0.0ms | Allocations: 3068)


Started POST "/addcourses" for 127.0.0.1 at 2022-11-16 12:59:48 -0500
Processing by AddcoursesController#create as HTML
  Parameters: {"authenticity_token"=>"[FILTERED]", "addcourse"=>{"course"=>"test", "semester"=>"Fall", "year"=>"2018"}, "commit"=>"Add"}
  [1m[36mTRANSACTION (0.0ms)[0m  [1m[36mbegin transaction[0m
  ↳ app/controllers/addcourses_controller.rb:17:in `create'
  [1m[36mAddcourse Create (0.4ms)[0m  [1m[32mINSERT INTO "addcourses" ("uni", "course", "semester", "year", "created_at", "updated_at") VALUES (?, ?, ?, ?, ?, ?)[0m  [["uni", "lfc2136"], ["course", "test"], ["semester", "Fall"], ["year", 2018], ["created_at", "2022-11-16 17:59:48.692505"], ["updated_at", "2022-11-16 17:59:48.692505"]]
  ↳ app/controllers/addcourses_controller.rb:17:in `create'
  [1m[36mTRANSACTION (0.5ms)[0m  [1m[36mcommit transaction[0m
  ↳ app/controllers/addcourses_controller.rb:17:in `create'
Redirected to http://127.0.0.1:3000/addcourses
Completed 302 Found in 20ms (ActiveRecord: 1.3ms | Allocations: 16147)


Started GET "/addcourses" for 127.0.0.1 at 2022-11-16 12:59:48 -0500
Processing by AddcoursesController#show as HTML
Redirected to http://127.0.0.1:3000/addcourses/new
Completed 302 Found in 1ms (ActiveRecord: 0.0ms | Allocations: 170)


Started GET "/addcourses/new" for 127.0.0.1 at 2022-11-16 12:59:48 -0500
Processing by AddcoursesController#new as HTML
  Rendering layout layouts/application.html.erb
  Rendering addcourses/new.html.erb within layouts/application
  Rendered addcourses/new.html.erb within layouts/application (Duration: 1.6ms | Allocations: 1006)
  Rendered layout layouts/application.html.erb (Duration: 3.7ms | Allocations: 2004)
Completed 200 OK in 4ms (Views: 4.1ms | ActiveRecord: 0.0ms | Allocations: 2237)


Started POST "/addcourses" for 127.0.0.1 at 2022-11-16 13:00:02 -0500
Processing by AddcoursesController#create as HTML
  Parameters: {"authenticity_token"=>"[FILTERED]", "addcourse"=>{"course"=>"test", "semester"=>"Spring", "year"=>"2018"}, "commit"=>"Add"}
  [1m[36mTRANSACTION (0.0ms)[0m  [1m[36mbegin transaction[0m
  ↳ app/controllers/addcourses_controller.rb:17:in `create'
  [1m[36mAddcourse Create (0.4ms)[0m  [1m[32mINSERT INTO "addcourses" ("uni", "course", "semester", "year", "created_at", "updated_at") VALUES (?, ?, ?, ?, ?, ?)[0m  [["uni", "lfc2136"], ["course", "test"], ["semester", "Spring"], ["year", 2018], ["created_at", "2022-11-16 18:00:02.631267"], ["updated_at", "2022-11-16 18:00:02.631267"]]
  ↳ app/controllers/addcourses_controller.rb:17:in `create'
  [1m[36mTRANSACTION (0.6ms)[0m  [1m[36mcommit transaction[0m
  ↳ app/controllers/addcourses_controller.rb:17:in `create'
Redirected to http://127.0.0.1:3000/addcourses
Completed 302 Found in 5ms (ActiveRecord: 1.0ms | Allocations: 2068)


Started GET "/addcourses" for 127.0.0.1 at 2022-11-16 13:00:02 -0500
Processing by AddcoursesController#show as HTML
Redirected to http://127.0.0.1:3000/addcourses/new
Completed 302 Found in 1ms (ActiveRecord: 0.0ms | Allocations: 169)


Started GET "/addcourses/new" for 127.0.0.1 at 2022-11-16 13:00:02 -0500
Processing by AddcoursesController#new as HTML
  Rendering layout layouts/application.html.erb
  Rendering addcourses/new.html.erb within layouts/application
  Rendered addcourses/new.html.erb within layouts/application (Duration: 1.7ms | Allocations: 994)
  Rendered layout layouts/application.html.erb (Duration: 3.4ms | Allocations: 1989)
Completed 200 OK in 4ms (Views: 3.8ms | ActiveRecord: 0.0ms | Allocations: 2221)


Started GET "/dashboards" for 127.0.0.1 at 2022-11-16 13:01:19 -0500
Processing by DashboardsController#show as HTML
  [1m[36mUser Load (0.1ms)[0m  [1m[34mSELECT "users".* FROM "users" WHERE "users"."uni" = ? LIMIT ?[0m  [["uni", "lfc2136"], ["LIMIT", 1]]
  ↳ app/controllers/dashboards_controller.rb:12:in `show'
  Rendering layout layouts/application.html.erb
  Rendering dashboards/show.html.erb within layouts/application
  Rendered dashboards/show.html.erb within layouts/application (Duration: 1.0ms | Allocations: 289)
  Rendered layout layouts/application.html.erb (Duration: 2.8ms | Allocations: 1289)
Completed 200 OK in 8ms (Views: 5.4ms | ActiveRecord: 0.1ms | Allocations: 2637)


Started GET "/dashboards" for 127.0.0.1 at 2022-11-16 13:12:27 -0500
Processing by DashboardsController#show as HTML
  [1m[36mUser Load (0.1ms)[0m  [1m[34mSELECT "users".* FROM "users" WHERE "users"."uni" = ? LIMIT ?[0m  [["uni", "lfc2136"], ["LIMIT", 1]]
  ↳ app/controllers/dashboards_controller.rb:12:in `show'
  Rendering layout layouts/application.html.erb
  Rendering dashboards/show.html.erb within layouts/application
  Rendered dashboards/show.html.erb within layouts/application (Duration: 0.8ms | Allocations: 341)
  Rendered layout layouts/application.html.erb (Duration: 3.3ms | Allocations: 1530)
Completed 200 OK in 7ms (Views: 5.1ms | ActiveRecord: 0.3ms | Allocations: 3194)


Started GET "/dashboards" for 127.0.0.1 at 2022-11-16 13:14:14 -0500
Processing by DashboardsController#show as HTML
  [1m[36mUser Load (0.1ms)[0m  [1m[34mSELECT "users".* FROM "users" WHERE "users"."uni" = ? LIMIT ?[0m  [["uni", "lfc2136"], ["LIMIT", 1]]
  ↳ app/controllers/dashboards_controller.rb:12:in `show'
  Rendering layout layouts/application.html.erb
  Rendering dashboards/show.html.erb within layouts/application
  Rendered dashboards/show.html.erb within layouts/application (Duration: 1.5ms | Allocations: 339)
  Rendered layout layouts/application.html.erb (Duration: 3.8ms | Allocations: 1528)
Completed 200 OK in 8ms (Views: 5.8ms | ActiveRecord: 0.1ms | Allocations: 3053)


Started GET "/dashboards" for 127.0.0.1 at 2022-11-16 13:14:16 -0500
Processing by DashboardsController#show as HTML
  [1m[36mUser Load (0.2ms)[0m  [1m[34mSELECT "users".* FROM "users" WHERE "users"."uni" = ? LIMIT ?[0m  [["uni", "lfc2136"], ["LIMIT", 1]]
  ↳ app/controllers/dashboards_controller.rb:12:in `show'
  Rendering layout layouts/application.html.erb
  Rendering dashboards/show.html.erb within layouts/application
  Rendered dashboards/show.html.erb within layouts/application (Duration: 0.2ms | Allocations: 63)
  Rendered layout layouts/application.html.erb (Duration: 2.0ms | Allocations: 1059)
Completed 200 OK in 5ms (Views: 2.6ms | ActiveRecord: 0.2ms | Allocations: 1894)


Started GET "/addcourses" for 127.0.0.1 at 2022-11-16 13:14:19 -0500
Processing by AddcoursesController#show as HTML
Redirected to http://127.0.0.1:3000/addcourses/new
Completed 302 Found in 1ms (ActiveRecord: 0.0ms | Allocations: 169)


Started GET "/addcourses/new" for 127.0.0.1 at 2022-11-16 13:14:19 -0500
Processing by AddcoursesController#new as HTML
  Rendering layout layouts/application.html.erb
  Rendering addcourses/new.html.erb within layouts/application
  Rendered addcourses/new.html.erb within layouts/application (Duration: 16.3ms | Allocations: 1333)
  Rendered layout layouts/application.html.erb (Duration: 17.8ms | Allocations: 2338)
Completed 200 OK in 20ms (Views: 19.1ms | ActiveRecord: 0.0ms | Allocations: 3062)


Started GET "/addcourses/new" for 127.0.0.1 at 2022-11-16 13:14:26 -0500
Processing by AddcoursesController#new as HTML
  Rendering layout layouts/application.html.erb
  Rendering addcourses/new.html.erb within layouts/application
  Rendered addcourses/new.html.erb within layouts/application (Duration: 1.8ms | Allocations: 1340)
  Rendered layout layouts/application.html.erb (Duration: 4.0ms | Allocations: 2528)
Completed 200 OK in 6ms (Views: 5.7ms | ActiveRecord: 0.0ms | Allocations: 3425)


Started GET "/addcourses/new" for 127.0.0.1 at 2022-11-16 13:14:28 -0500
Processing by AddcoursesController#new as HTML
  Rendering layout layouts/application.html.erb
  Rendering addcourses/new.html.erb within layouts/application
  Rendered addcourses/new.html.erb within layouts/application (Duration: 1.3ms | Allocations: 1003)
  Rendered layout layouts/application.html.erb (Duration: 3.1ms | Allocations: 1998)
Completed 200 OK in 4ms (Views: 3.7ms | ActiveRecord: 0.0ms | Allocations: 2231)


Started GET "/dashboards" for 127.0.0.1 at 2022-11-16 13:14:59 -0500
Processing by DashboardsController#show as HTML
  [1m[36mUser Load (0.2ms)[0m  [1m[34mSELECT "users".* FROM "users" WHERE "users"."uni" = ? LIMIT ?[0m  [["uni", "lfc2136"], ["LIMIT", 1]]
  ↳ app/controllers/dashboards_controller.rb:12:in `show'
  Rendering layout layouts/application.html.erb
  Rendering dashboards/show.html.erb within layouts/application
  Rendered dashboards/show.html.erb within layouts/application (Duration: 0.8ms | Allocations: 339)
  Rendered layout layouts/application.html.erb (Duration: 2.9ms | Allocations: 1528)
Completed 200 OK in 7ms (Views: 4.7ms | ActiveRecord: 0.2ms | Allocations: 3043)


Started GET "/dashboards" for 127.0.0.1 at 2022-11-16 13:15:01 -0500
Processing by DashboardsController#show as HTML
  [1m[36mUser Load (0.1ms)[0m  [1m[34mSELECT "users".* FROM "users" WHERE "users"."uni" = ? LIMIT ?[0m  [["uni", "lfc2136"], ["LIMIT", 1]]
  ↳ app/controllers/dashboards_controller.rb:12:in `show'
  Rendering layout layouts/application.html.erb
  Rendering dashboards/show.html.erb within layouts/application
  Rendered dashboards/show.html.erb within layouts/application (Duration: 0.2ms | Allocations: 63)
  Rendered layout layouts/application.html.erb (Duration: 1.9ms | Allocations: 1059)
Completed 200 OK in 4ms (Views: 2.3ms | ActiveRecord: 0.1ms | Allocations: 1909)


Started GET "/dashboards" for 127.0.0.1 at 2022-11-16 13:15:22 -0500
Processing by DashboardsController#show as HTML
  [1m[36mUser Load (0.1ms)[0m  [1m[34mSELECT "users".* FROM "users" WHERE "users"."uni" = ? LIMIT ?[0m  [["uni", "lfc2136"], ["LIMIT", 1]]
  ↳ app/controllers/dashboards_controller.rb:12:in `show'
  Rendering layout layouts/application.html.erb
  Rendering dashboards/show.html.erb within layouts/application
  Rendered dashboards/show.html.erb within layouts/application (Duration: 0.8ms | Allocations: 340)
  Rendered layout layouts/application.html.erb (Duration: 2.9ms | Allocations: 1529)
Completed 200 OK in 6ms (Views: 4.5ms | ActiveRecord: 0.1ms | Allocations: 3028)


Started GET "/addcourses" for 127.0.0.1 at 2022-11-16 13:15:27 -0500
Processing by AddcoursesController#show as HTML
Redirected to http://127.0.0.1:3000/addcourses/new
Completed 302 Found in 1ms (ActiveRecord: 0.0ms | Allocations: 168)


Started GET "/addcourses/new" for 127.0.0.1 at 2022-11-16 13:15:27 -0500
Processing by AddcoursesController#new as HTML
  Rendering layout layouts/application.html.erb
  Rendering addcourses/new.html.erb within layouts/application
  Rendered addcourses/new.html.erb within layouts/application (Duration: 1.8ms | Allocations: 1327)
  Rendered layout layouts/application.html.erb (Duration: 3.3ms | Allocations: 2323)
Completed 200 OK in 5ms (Views: 4.7ms | ActiveRecord: 0.0ms | Allocations: 3046)


Started GET "/dashboards" for 127.0.0.1 at 2022-11-16 13:16:13 -0500
Processing by DashboardsController#show as HTML
  [1m[36mUser Load (0.1ms)[0m  [1m[34mSELECT "users".* FROM "users" WHERE "users"."uni" = ? LIMIT ?[0m  [["uni", "lfc2136"], ["LIMIT", 1]]
  ↳ app/controllers/dashboards_controller.rb:12:in `show'
  Rendering layout layouts/application.html.erb
  Rendering dashboards/show.html.erb within layouts/application
  Rendered dashboards/show.html.erb within layouts/application (Duration: 0.8ms | Allocations: 339)
  Rendered layout layouts/application.html.erb (Duration: 3.1ms | Allocations: 1528)
Completed 200 OK in 7ms (Views: 4.8ms | ActiveRecord: 0.1ms | Allocations: 3037)


Started GET "/dashboards" for 127.0.0.1 at 2022-11-16 13:25:23 -0500
Processing by DashboardsController#show as HTML
  [1m[36mUser Load (0.1ms)[0m  [1m[34mSELECT "users".* FROM "users" WHERE "users"."uni" = ? LIMIT ?[0m  [["uni", "lfc2136"], ["LIMIT", 1]]
  ↳ app/controllers/dashboards_controller.rb:12:in `show'
  Rendering layout layouts/application.html.erb
  Rendering dashboards/show.html.erb within layouts/application
  Rendered dashboards/show.html.erb within layouts/application (Duration: 0.7ms | Allocations: 357)
  Rendered layout layouts/application.html.erb (Duration: 2.4ms | Allocations: 1546)
Completed 200 OK in 6ms (Views: 3.8ms | ActiveRecord: 0.3ms | Allocations: 3226)


Started GET "/dashboards" for 127.0.0.1 at 2022-11-16 13:25:25 -0500
Processing by DashboardsController#show as HTML
  [1m[36mUser Load (0.1ms)[0m  [1m[34mSELECT "users".* FROM "users" WHERE "users"."uni" = ? LIMIT ?[0m  [["uni", "lfc2136"], ["LIMIT", 1]]
  ↳ app/controllers/dashboards_controller.rb:12:in `show'
  Rendering layout layouts/application.html.erb
  Rendering dashboards/show.html.erb within layouts/application
  Rendered dashboards/show.html.erb within layouts/application (Duration: 0.2ms | Allocations: 63)
  Rendered layout layouts/application.html.erb (Duration: 1.7ms | Allocations: 1059)
Completed 200 OK in 4ms (Views: 2.1ms | ActiveRecord: 0.1ms | Allocations: 1900)


Started GET "/addcourses" for 127.0.0.1 at 2022-11-16 13:33:57 -0500
Processing by AddcoursesController#show as HTML
Redirected to http://127.0.0.1:3000/addcourses/new
Completed 302 Found in 1ms (Allocations: 168)


Started GET "/addcourses/new" for 127.0.0.1 at 2022-11-16 13:33:57 -0500
Processing by AddcoursesController#new as HTML
  Rendering layout layouts/application.html.erb
  Rendering addcourses/new.html.erb within layouts/application
  Rendered addcourses/new.html.erb within layouts/application (Duration: 1.4ms | Allocations: 1323)
  Rendered layout layouts/application.html.erb (Duration: 2.8ms | Allocations: 2324)
Completed 200 OK in 4ms (Views: 4.0ms | Allocations: 3047)


Started GET "/dashboards" for 127.0.0.1 at 2022-11-16 13:38:47 -0500
Processing by DashboardsController#show as HTML
  [1m[36mUser Load (0.1ms)[0m  [1m[34mSELECT "users".* FROM "users" WHERE "users"."uni" = ? LIMIT ?[0m  [["uni", "lfc2136"], ["LIMIT", 1]]
  ↳ app/controllers/dashboards_controller.rb:12:in `show'
  Rendering layout layouts/application.html.erb
  Rendering dashboards/show.html.erb within layouts/application
  Rendered dashboards/show.html.erb within layouts/application (Duration: 0.2ms | Allocations: 63)
  Rendered layout layouts/application.html.erb (Duration: 1.8ms | Allocations: 1066)
Completed 200 OK in 4ms (Views: 2.2ms | ActiveRecord: 0.4ms | Allocations: 2075)


Started GET "/addcourses" for 127.0.0.1 at 2022-11-16 13:38:49 -0500
Processing by AddcoursesController#show as HTML
Redirected to http://127.0.0.1:3000/addcourses/new
Completed 302 Found in 1ms (ActiveRecord: 0.0ms | Allocations: 168)


Started GET "/addcourses/new" for 127.0.0.1 at 2022-11-16 13:38:49 -0500
Processing by AddcoursesController#new as HTML
  Rendering layout layouts/application.html.erb
  Rendering addcourses/new.html.erb within layouts/application
  Rendered addcourses/new.html.erb within layouts/application (Duration: 1.1ms | Allocations: 992)
  Rendered layout layouts/application.html.erb (Duration: 2.7ms | Allocations: 1987)
Completed 200 OK in 3ms (Views: 3.1ms | ActiveRecord: 0.0ms | Allocations: 2220)


Started GET "/dashboards" for 127.0.0.1 at 2022-11-16 13:38:55 -0500
Processing by DashboardsController#show as HTML
  [1m[36mUser Load (0.1ms)[0m  [1m[34mSELECT "users".* FROM "users" WHERE "users"."uni" = ? LIMIT ?[0m  [["uni", "lfc2136"], ["LIMIT", 1]]
  ↳ app/controllers/dashboards_controller.rb:12:in `show'
  Rendering layout layouts/application.html.erb
  Rendering dashboards/show.html.erb within layouts/application
  Rendered dashboards/show.html.erb within layouts/application (Duration: 0.2ms | Allocations: 58)
  Rendered layout layouts/application.html.erb (Duration: 1.7ms | Allocations: 1054)
Completed 200 OK in 4ms (Views: 2.2ms | ActiveRecord: 0.1ms | Allocations: 1895)


Started GET "/dashboards" for 127.0.0.1 at 2022-11-16 13:40:48 -0500
Processing by DashboardsController#show as HTML
Completed 500 Internal Server Error in 9ms (Allocations: 4010)


  
NoMethodError (undefined method `classes' for User (call 'User.connection' to establish a connection):Class
Did you mean?  class):
  
app/controllers/dashboards_controller.rb:11:in `show'
Started GET "/dashboards" for 127.0.0.1 at 2022-11-16 13:41:04 -0500
Processing by DashboardsController#show as HTML
Completed 500 Internal Server Error in 9ms (Allocations: 3994)


  
NoMethodError (undefined method `classes' for User (call 'User.connection' to establish a connection):Class
Did you mean?  class):
  
app/controllers/dashboards_controller.rb:11:in `show'
Started GET "/dashboards" for 127.0.0.1 at 2022-11-16 13:41:05 -0500
Processing by DashboardsController#show as HTML
Completed 500 Internal Server Error in 8ms (Allocations: 3741)


  
NoMethodError (undefined method `classes' for User (call 'User.connection' to establish a connection):Class
Did you mean?  class):
  
app/controllers/dashboards_controller.rb:11:in `show'
Started GET "/dashboards" for 127.0.0.1 at 2022-11-16 13:47:00 -0500
Processing by DashboardsController#show as HTML
Completed 500 Internal Server Error in 7ms (Allocations: 3739)


  
NoMethodError (undefined method `classes' for User (call 'User.connection' to establish a connection):Class
Did you mean?  class):
  
app/controllers/dashboards_controller.rb:11:in `show'
Started GET "/dashboards" for 127.0.0.1 at 2022-11-16 13:48:55 -0500
Processing by DashboardsController#show as HTML
  [1m[36mUser Load (0.4ms)[0m  [1m[34mSELECT "users".* FROM "users" WHERE "users"."uni" = ? LIMIT ?[0m  [["uni", "lfc2136"], ["LIMIT", 1]]
  ↳ app/controllers/dashboards_controller.rb:12:in `show'
Completed 500 Internal Server Error in 15ms (ActiveRecord: 1.1ms | Allocations: 6742)


  
NoMethodError (undefined method `classes' for #<User:0x00007f87793e7198>
Did you mean?  class):
  
app/controllers/dashboards_controller.rb:13:in `show'
Started GET "/dashboards" for 127.0.0.1 at 2022-11-16 13:48:56 -0500
Processing by DashboardsController#show as HTML
  [1m[36mUser Load (0.1ms)[0m  [1m[34mSELECT "users".* FROM "users" WHERE "users"."uni" = ? LIMIT ?[0m  [["uni", "lfc2136"], ["LIMIT", 1]]
  ↳ app/controllers/dashboards_controller.rb:12:in `show'
Completed 500 Internal Server Error in 7ms (ActiveRecord: 0.1ms | Allocations: 3546)


  
NoMethodError (undefined method `classes' for #<User:0x00007f877af14c90>
Did you mean?  class):
  
app/controllers/dashboards_controller.rb:13:in `show'
Started GET "/dashboards" for 127.0.0.1 at 2022-11-16 13:49:14 -0500
Processing by DashboardsController#show as HTML
  [1m[36mUser Load (0.1ms)[0m  [1m[34mSELECT "users".* FROM "users" WHERE "users"."uni" = ? LIMIT ?[0m  [["uni", "lfc2136"], ["LIMIT", 1]]
  ↳ app/controllers/dashboards_controller.rb:12:in `show'
Completed 500 Internal Server Error in 12ms (ActiveRecord: 0.8ms | Allocations: 6729)


  
NoMethodError (undefined method `classes' for #<User:0x00007f877ae3c638>
Did you mean?  class):
  
app/controllers/dashboards_controller.rb:13:in `show'
Started GET "/dashboards" for 127.0.0.1 at 2022-11-16 13:53:26 -0500
Processing by DashboardsController#show as HTML
  [1m[36mUser Load (0.1ms)[0m  [1m[34mSELECT "users".* FROM "users" WHERE "users"."uni" = ? LIMIT ?[0m  [["uni", "lfc2136"], ["LIMIT", 1]]
  ↳ app/controllers/dashboards_controller.rb:12:in `show'
  [1m[36mAddcourse Load (0.6ms)[0m  [1m[34mSELECT "addcourses".* FROM "addcourses" WHERE "addcourses"."uni" = ? LIMIT ?[0m  [["uni", "lfc2136"], ["LIMIT", 1]]
  ↳ app/controllers/dashboards_controller.rb:13:in `show'
  Rendering layout layouts/application.html.erb
  Rendering dashboards/show.html.erb within layouts/application
  Rendered dashboards/show.html.erb within layouts/application (Duration: 1.1ms | Allocations: 364)
  Rendered layout layouts/application.html.erb (Duration: 3.7ms | Allocations: 1562)
Completed 200 OK in 19ms (Views: 6.1ms | ActiveRecord: 1.9ms | Allocations: 8803)


Started GET "/dashboards" for 127.0.0.1 at 2022-11-16 13:53:40 -0500
Processing by DashboardsController#show as HTML
  [1m[36mUser Load (0.2ms)[0m  [1m[34mSELECT "users".* FROM "users" WHERE "users"."uni" = ? LIMIT ?[0m  [["uni", "lfc2136"], ["LIMIT", 1]]
  ↳ app/controllers/dashboards_controller.rb:12:in `show'
  [1m[36mAddcourse Load (0.2ms)[0m  [1m[34mSELECT "addcourses".* FROM "addcourses" WHERE "addcourses"."uni" = ? LIMIT ?[0m  [["uni", "lfc2136"], ["LIMIT", 1]]
  ↳ app/controllers/dashboards_controller.rb:13:in `show'
  Rendering layout layouts/application.html.erb
  Rendering dashboards/show.html.erb within layouts/application
  Rendered dashboards/show.html.erb within layouts/application (Duration: 0.2ms | Allocations: 71)
  Rendered layout layouts/application.html.erb (Duration: 1.6ms | Allocations: 1070)
Completed 200 OK in 15ms (Views: 2.5ms | ActiveRecord: 1.9ms | Allocations: 8058)


Started GET "/dashboards" for 127.0.0.1 at 2022-11-16 13:59:14 -0500
Processing by DashboardsController#show as HTML
  [1m[36mUser Load (0.1ms)[0m  [1m[34mSELECT "users".* FROM "users" WHERE "users"."uni" = ? LIMIT ?[0m  [["uni", "lfc2136"], ["LIMIT", 1]]
  ↳ app/controllers/dashboards_controller.rb:12:in `show'
  [1m[36mAddcourse Load (0.1ms)[0m  [1m[34mSELECT "addcourses".* FROM "addcourses" WHERE "addcourses"."uni" = ? LIMIT ?[0m  [["uni", "lfc2136"], ["LIMIT", 1]]
  ↳ app/controllers/dashboards_controller.rb:13:in `show'
  Rendering layout layouts/application.html.erb
  Rendering dashboards/show.html.erb within layouts/application
  Rendered dashboards/show.html.erb within layouts/application (Duration: 0.2ms | Allocations: 71)
  Rendered layout layouts/application.html.erb (Duration: 1.7ms | Allocations: 1079)
Completed 200 OK in 13ms (Views: 2.5ms | ActiveRecord: 1.3ms | Allocations: 8072)


Started GET "/dashboards" for 127.0.0.1 at 2022-11-16 13:59:35 -0500
Processing by DashboardsController#show as HTML
  [1m[36mUser Load (0.2ms)[0m  [1m[34mSELECT "users".* FROM "users" WHERE "users"."uni" = ? LIMIT ?[0m  [["uni", "lfc2136"], ["LIMIT", 1]]
  ↳ app/controllers/dashboards_controller.rb:12:in `show'
  [1m[36mAddcourse Load (0.1ms)[0m  [1m[34mSELECT "addcourses".* FROM "addcourses" WHERE "addcourses"."uni" = ? LIMIT ?[0m  [["uni", "lfc2136"], ["LIMIT", 1]]
  ↳ app/controllers/dashboards_controller.rb:13:in `show'
Completed 500 Internal Server Error in 12ms (ActiveRecord: 1.4ms | Allocations: 7887)


  
NoMethodError (undefined method `course' for "test":String):
  
app/controllers/dashboards_controller.rb:14:in `show'
Started GET "/dashboards" for 127.0.0.1 at 2022-11-16 13:59:42 -0500
Processing by DashboardsController#show as HTML
  [1m[36mUser Load (0.1ms)[0m  [1m[34mSELECT "users".* FROM "users" WHERE "users"."uni" = ? LIMIT ?[0m  [["uni", "lfc2136"], ["LIMIT", 1]]
  ↳ app/controllers/dashboards_controller.rb:12:in `show'
  [1m[36mAddcourse Load (0.1ms)[0m  [1m[34mSELECT "addcourses".* FROM "addcourses" WHERE "addcourses"."uni" = ? LIMIT ?[0m  [["uni", "lfc2136"], ["LIMIT", 1]]
  ↳ app/controllers/dashboards_controller.rb:13:in `show'
  Rendering layout layouts/application.html.erb
  Rendering dashboards/show.html.erb within layouts/application
  Rendered dashboards/show.html.erb within layouts/application (Duration: 0.2ms | Allocations: 71)
  Rendered layout layouts/application.html.erb (Duration: 1.6ms | Allocations: 1079)
Completed 200 OK in 14ms (Views: 2.5ms | ActiveRecord: 1.6ms | Allocations: 8105)


Started GET "/dashboards" for 127.0.0.1 at 2022-11-16 14:00:16 -0500
Processing by DashboardsController#show as HTML
  [1m[36mUser Load (0.1ms)[0m  [1m[34mSELECT "users".* FROM "users" WHERE "users"."uni" = ? LIMIT ?[0m  [["uni", "lfc2136"], ["LIMIT", 1]]
  ↳ app/controllers/dashboards_controller.rb:12:in `show'
  [1m[36mAddcourse Load (0.1ms)[0m  [1m[34mSELECT "addcourses".* FROM "addcourses" WHERE "addcourses"."uni" = ? LIMIT ?[0m  [["uni", "lfc2136"], ["LIMIT", 1]]
  ↳ app/controllers/dashboards_controller.rb:13:in `show'
  Rendering layout layouts/application.html.erb
  Rendering dashboards/show.html.erb within layouts/application
  Rendered dashboards/show.html.erb within layouts/application (Duration: 0.2ms | Allocations: 71)
  Rendered layout layouts/application.html.erb (Duration: 1.6ms | Allocations: 1070)
Completed 200 OK in 14ms (Views: 2.6ms | ActiveRecord: 1.5ms | Allocations: 8039)


Started GET "/dashboards" for 127.0.0.1 at 2022-11-16 14:01:01 -0500
Processing by DashboardsController#show as HTML
  [1m[36mUser Load (0.4ms)[0m  [1m[34mSELECT "users".* FROM "users" WHERE "users"."uni" = ? LIMIT ?[0m  [["uni", "lfc2136"], ["LIMIT", 1]]
  ↳ app/controllers/dashboards_controller.rb:12:in `show'
  [1m[36mAddcourse Load (0.1ms)[0m  [1m[34mSELECT "addcourses".* FROM "addcourses" WHERE "addcourses"."uni" = ? LIMIT ?[0m  [["uni", "lfc2136"], ["LIMIT", 1]]
  ↳ app/controllers/dashboards_controller.rb:13:in `show'
Completed 500 Internal Server Error in 19ms (ActiveRecord: 1.8ms | Allocations: 9117)


  
NoMethodError (undefined method `sanitize' for #<DashboardsController:0x000000000424f0>):
  
app/controllers/dashboards_controller.rb:14:in `show'
Started GET "/dashboards" for 127.0.0.1 at 2022-11-16 14:01:22 -0500
Processing by DashboardsController#show as HTML
  [1m[36mUser Load (0.1ms)[0m  [1m[34mSELECT "users".* FROM "users" WHERE "users"."uni" = ? LIMIT ?[0m  [["uni", "lfc2136"], ["LIMIT", 1]]
  ↳ app/controllers/dashboards_controller.rb:12:in `show'
  [1m[36mAddcourse Load (0.1ms)[0m  [1m[34mSELECT "addcourses".* FROM "addcourses" WHERE "addcourses"."uni" = ? LIMIT ?[0m  [["uni", "lfc2136"], ["LIMIT", 1]]
  ↳ app/controllers/dashboards_controller.rb:13:in `show'
Completed 500 Internal Server Error in 20ms (ActiveRecord: 1.6ms | Allocations: 9176)


  
NoMethodError (undefined method `sanitize' for #<DashboardsController:0x00000000047400>):
  
app/controllers/dashboards_controller.rb:14:in `show'
Started GET "/dashboards" for 127.0.0.1 at 2022-11-16 14:01:35 -0500
Processing by DashboardsController#show as HTML
  [1m[36mUser Load (0.1ms)[0m  [1m[34mSELECT "users".* FROM "users" WHERE "users"."uni" = ? LIMIT ?[0m  [["uni", "lfc2136"], ["LIMIT", 1]]
  ↳ app/controllers/dashboards_controller.rb:12:in `show'
  [1m[36mAddcourse Load (0.1ms)[0m  [1m[34mSELECT "addcourses".* FROM "addcourses" WHERE "addcourses"."uni" = ? LIMIT ?[0m  [["uni", "lfc2136"], ["LIMIT", 1]]
  ↳ app/controllers/dashboards_controller.rb:13:in `show'
Completed 500 Internal Server Error in 7ms (ActiveRecord: 0.2ms | Allocations: 3856)


  
NoMethodError (undefined method `sanitize' for #<DashboardsController:0x00000000047720>):
  
app/controllers/dashboards_controller.rb:14:in `show'
Started GET "/dashboards" for 127.0.0.1 at 2022-11-16 14:01:42 -0500
Processing by DashboardsController#show as HTML
  [1m[36mUser Load (0.4ms)[0m  [1m[34mSELECT "users".* FROM "users" WHERE "users"."uni" = ? LIMIT ?[0m  [["uni", "lfc2136"], ["LIMIT", 1]]
  ↳ app/controllers/dashboards_controller.rb:12:in `show'
  [1m[36mAddcourse Load (0.1ms)[0m  [1m[34mSELECT "addcourses".* FROM "addcourses" WHERE "addcourses"."uni" = ? LIMIT ?[0m  [["uni", "lfc2136"], ["LIMIT", 1]]
  ↳ app/controllers/dashboards_controller.rb:13:in `show'
  Rendering layout layouts/application.html.erb
  Rendering dashboards/show.html.erb within layouts/application
  Rendered dashboards/show.html.erb within layouts/application (Duration: 7.4ms | Allocations: 3506)
  Rendered layout layouts/application.html.erb (Duration: 7.7ms | Allocations: 3573)
Completed 500 Internal Server Error in 26ms (ActiveRecord: 2.1ms | Allocations: 10799)


  
ActionView::Template::Error (undefined method `empty?' for #<Addcourse:0x00007f877b431278>):
    12:   <h3>Minor Requirements:</h3>
    13:   <p><%= @min_reqs %></p>
    14:  <h3>Registered Classes:</h3>
    15:  <p><%= sanitize @classes %></p>
    16: <% end %>
  
app/views/dashboards/show.html.erb:15
Started GET "/dashboards" for 127.0.0.1 at 2022-11-16 14:01:57 -0500
Processing by DashboardsController#show as HTML
  [1m[36mUser Load (0.1ms)[0m  [1m[34mSELECT "users".* FROM "users" WHERE "users"."uni" = ? LIMIT ?[0m  [["uni", "lfc2136"], ["LIMIT", 1]]
  ↳ app/controllers/dashboards_controller.rb:12:in `show'
  [1m[36mAddcourse Load (0.1ms)[0m  [1m[34mSELECT "addcourses".* FROM "addcourses" WHERE "addcourses"."uni" = ? LIMIT ?[0m  [["uni", "lfc2136"], ["LIMIT", 1]]
  ↳ app/controllers/dashboards_controller.rb:13:in `show'
  Rendering layout layouts/application.html.erb
  Rendering dashboards/show.html.erb within layouts/application
  Rendered dashboards/show.html.erb within layouts/application (Duration: 0.9ms | Allocations: 358)
  Rendered layout layouts/application.html.erb (Duration: 4.3ms | Allocations: 1556)
Completed 200 OK in 9ms (Views: 6.0ms | ActiveRecord: 0.2ms | Allocations: 3494)


Started GET "/dashboards" for 127.0.0.1 at 2022-11-16 14:02:11 -0500
Processing by DashboardsController#show as HTML
  [1m[36mUser Load (0.1ms)[0m  [1m[34mSELECT "users".* FROM "users" WHERE "users"."uni" = ? LIMIT ?[0m  [["uni", "lfc2136"], ["LIMIT", 1]]
  ↳ app/controllers/dashboards_controller.rb:12:in `show'
  [1m[36mAddcourse Load (0.1ms)[0m  [1m[34mSELECT "addcourses".* FROM "addcourses" WHERE "addcourses"."uni" = ? LIMIT ?[0m  [["uni", "lfc2136"], ["LIMIT", 1]]
  ↳ app/controllers/dashboards_controller.rb:13:in `show'
  Rendering layout layouts/application.html.erb
  Rendering dashboards/show.html.erb within layouts/application
  Rendered dashboards/show.html.erb within layouts/application (Duration: 0.2ms | Allocations: 69)
  Rendered layout layouts/application.html.erb (Duration: 1.7ms | Allocations: 1068)
Completed 200 OK in 13ms (Views: 2.5ms | ActiveRecord: 1.3ms | Allocations: 8075)


Started GET "/dashboards" for 127.0.0.1 at 2022-11-16 14:02:19 -0500
Processing by DashboardsController#show as HTML
  [1m[36mUser Load (0.1ms)[0m  [1m[34mSELECT "users".* FROM "users" WHERE "users"."uni" = ? LIMIT ?[0m  [["uni", "lfc2136"], ["LIMIT", 1]]
  ↳ app/controllers/dashboards_controller.rb:12:in `show'
  [1m[36mAddcourse Load (0.1ms)[0m  [1m[34mSELECT "addcourses".* FROM "addcourses" WHERE "addcourses"."uni" = ? LIMIT ?[0m  [["uni", "lfc2136"], ["LIMIT", 1]]
  ↳ app/controllers/dashboards_controller.rb:13:in `show'
Completed 500 Internal Server Error in 19ms (ActiveRecord: 1.4ms | Allocations: 9203)


  
NoMethodError (undefined method `courses' for #<Addcourse:0x00007f877b47b198>
Did you mean?  course
               course=
               course?):
  
app/controllers/dashboards_controller.rb:13:in `show'
Started GET "/dashboards" for 127.0.0.1 at 2022-11-16 14:05:25 -0500
Processing by DashboardsController#show as HTML
  [1m[36mUser Load (0.1ms)[0m  [1m[34mSELECT "users".* FROM "users" WHERE "users"."uni" = ? LIMIT ?[0m  [["uni", "lfc2136"], ["LIMIT", 1]]
  ↳ app/controllers/dashboards_controller.rb:12:in `show'
  [1m[36mAddcourse Load (0.1ms)[0m  [1m[34mSELECT "addcourses".* FROM "addcourses" WHERE "addcourses"."uni" = ? LIMIT ?[0m  [["uni", "lfc2136"], ["LIMIT", 1]]
  ↳ app/controllers/dashboards_controller.rb:13:in `show'
  Rendering layout layouts/application.html.erb
  Rendering dashboards/show.html.erb within layouts/application
  Rendered dashboards/show.html.erb within layouts/application (Duration: 0.2ms | Allocations: 69)
  Rendered layout layouts/application.html.erb (Duration: 2.1ms | Allocations: 1077)
Completed 200 OK in 15ms (Views: 3.1ms | ActiveRecord: 1.9ms | Allocations: 8110)


Started GET "/" for 127.0.0.1 at 2022-11-17 17:01:44 -0500
  [1m[36mActiveRecord::SchemaMigration Pluck (1.1ms)[0m  [1m[34mSELECT "schema_migrations"."version" FROM "schema_migrations" ORDER BY "schema_migrations"."version" ASC[0m
Processing by ArticlesController#index as HTML
  Rendering layout layouts/application.html.erb
  Rendering articles/index.html.erb within layouts/application
  Rendered articles/index.html.erb within layouts/application (Duration: 18.0ms | Allocations: 1549)
  Rendered layout layouts/application.html.erb (Duration: 83.4ms | Allocations: 22711)
Completed 200 OK in 96ms (Views: 86.8ms | ActiveRecord: 0.0ms | Allocations: 27595)


Started POST "/dashboards" for 127.0.0.1 at 2022-11-17 17:01:54 -0500
Processing by DashboardsController#create as HTML
  Parameters: {"authenticity_token"=>"[FILTERED]", "user"=>{"uni"=>"lfc2136"}, "commit"=>"Enter"}
Redirected to http://127.0.0.1:3000/dashboards
Completed 302 Found in 1ms (ActiveRecord: 0.0ms | Allocations: 416)


Started GET "/dashboards" for 127.0.0.1 at 2022-11-17 17:01:54 -0500
Processing by DashboardsController#show as HTML
  [1m[36mUser Load (0.5ms)[0m  [1m[34mSELECT "users".* FROM "users" WHERE "users"."uni" = ? LIMIT ?[0m  [["uni", "lfc2136"], ["LIMIT", 1]]
  ↳ app/controllers/dashboards_controller.rb:12:in `show'
  [1m[36mAddcourse Load (0.4ms)[0m  [1m[34mSELECT "addcourses".* FROM "addcourses" WHERE "addcourses"."uni" = ? LIMIT ?[0m  [["uni", "lfc2136"], ["LIMIT", 1]]
  ↳ app/controllers/dashboards_controller.rb:13:in `show'
  Rendering layout layouts/application.html.erb
  Rendering dashboards/show.html.erb within layouts/application
  Rendered dashboards/show.html.erb within layouts/application (Duration: 1.0ms | Allocations: 371)
  Rendered layout layouts/application.html.erb (Duration: 2.4ms | Allocations: 1373)
Completed 200 OK in 32ms (Views: 3.7ms | ActiveRecord: 1.9ms | Allocations: 36539)


Started GET "/addcourses" for 127.0.0.1 at 2022-11-17 17:04:38 -0500
Processing by AddcoursesController#show as HTML
Redirected to http://127.0.0.1:3000/addcourses/new
Completed 302 Found in 1ms (ActiveRecord: 0.0ms | Allocations: 699)


Started GET "/addcourses/new" for 127.0.0.1 at 2022-11-17 17:04:38 -0500
Processing by AddcoursesController#new as HTML
  Rendering layout layouts/application.html.erb
  Rendering addcourses/new.html.erb within layouts/application
  Rendered addcourses/new.html.erb within layouts/application (Duration: 3.6ms | Allocations: 1501)
  Rendered layout layouts/application.html.erb (Duration: 5.5ms | Allocations: 2497)
Completed 200 OK in 8ms (Views: 7.2ms | ActiveRecord: 0.0ms | Allocations: 3220)


Started GET "/dashboards" for 127.0.0.1 at 2022-11-17 17:04:42 -0500
Processing by DashboardsController#show as HTML
  [1m[36mUser Load (0.1ms)[0m  [1m[34mSELECT "users".* FROM "users" WHERE "users"."uni" = ? LIMIT ?[0m  [["uni", "lfc2136"], ["LIMIT", 1]]
  ↳ app/controllers/dashboards_controller.rb:12:in `show'
  [1m[36mAddcourse Load (0.1ms)[0m  [1m[34mSELECT "addcourses".* FROM "addcourses" WHERE "addcourses"."uni" = ? LIMIT ?[0m  [["uni", "lfc2136"], ["LIMIT", 1]]
  ↳ app/controllers/dashboards_controller.rb:13:in `show'
  Rendering layout layouts/application.html.erb
  Rendering dashboards/show.html.erb within layouts/application
  Rendered dashboards/show.html.erb within layouts/application (Duration: 0.2ms | Allocations: 64)
  Rendered layout layouts/application.html.erb (Duration: 1.5ms | Allocations: 1065)
Completed 200 OK in 4ms (Views: 1.8ms | ActiveRecord: 0.2ms | Allocations: 2373)


